2024/07/21 10:45:27 client.go:86: test log
2024/07/21 10:47:32 client.go:45: grpc resp token:"79c4a7d6-6f1a-44ac-9d29-f786c9c93694" entities:<player:<id:"1f6abfef-3582-495b-9537-1eb51b1f1c47" name:"aa" position:<x:-17 y:12 > icon:"A" > > entities:<player:<id:"2fee3554-d0de-4c00-aee9-3478731d19ea" name:"aaa" position:<y:15 > icon:"A" > > entities:<player:<id:"124eceb1-fbcf-4f5f-b6bf-0045d6fb3034" name:"aaa" position:<x:16 y:12 > icon:"A" > > 
2024/07/21 10:57:17 client.go:45: grpc resp token:"b0d07a2d-55c6-4a77-87d9-268e83c84ff6" entities:<player:<id:"4f3152ae-da94-4a6f-80c4-d2aeddabb1a5" name:"aa" position:<x:-17 y:12 > icon:"A" > > 
2024/07/21 10:57:48 frontend.go:259: laserDirection 0
2024/07/21 10:57:48 frontend.go:259: laserDirection 0
2024/07/21 10:57:48 frontend.go:259: laserDirection 0
2024/07/21 10:57:48 frontend.go:259: laserDirection 2
2024/07/21 10:57:49 frontend.go:259: laserDirection 1
2024/07/21 10:57:49 frontend.go:259: laserDirection 3
2024/07/21 10:57:49 frontend.go:259: laserDirection 0
2024/07/21 10:57:49 frontend.go:259: laserDirection 2
2024/07/21 10:57:49 frontend.go:259: laserDirection 1
2024/07/21 10:57:50 frontend.go:259: laserDirection 3
2024/07/21 10:57:50 frontend.go:259: laserDirection 0
2024/07/21 10:57:50 frontend.go:259: laserDirection 2
2024/07/21 10:57:50 frontend.go:259: laserDirection 1
2024/07/21 10:57:50 frontend.go:259: laserDirection 3
2024/07/21 10:57:50 frontend.go:259: laserDirection 0
2024/07/21 10:57:51 frontend.go:259: laserDirection 2
2024/07/21 10:57:51 frontend.go:259: laserDirection 1
2024/07/21 10:57:51 frontend.go:259: laserDirection 3
2024/07/21 11:00:06 client.go:45: grpc resp token:"4c8a5e38-9f25-4476-bb4c-0a1418113696" entities:<player:<id:"4f3152ae-da94-4a6f-80c4-d2aeddabb1a5" name:"aa" position:<x:-17 y:12 > icon:"A" > > entities:<player:<id:"1d35b13b-7569-4b40-a28f-7ec005eb92cd" name:"v" position:<y:15 > icon:"V" > > 
2024/07/21 11:00:33 frontend.go:259: laserDirection 2
2024/07/21 11:00:36 frontend.go:259: laserDirection 1
2024/07/21 11:00:37 frontend.go:259: laserDirection 3
2024/07/21 11:00:37 frontend.go:259: laserDirection 0
2024/07/21 11:01:25 client.go:45: grpc resp token:"10970013-8e67-44b5-8b81-6599d652aee2" entities:<player:<id:"4f3152ae-da94-4a6f-80c4-d2aeddabb1a5" name:"aa" position:<x:-17 y:12 > icon:"A" > > entities:<player:<id:"1d35b13b-7569-4b40-a28f-7ec005eb92cd" name:"v" position:<y:15 > icon:"V" > > entities:<player:<id:"283e79f1-dafe-4936-9f01-3c7fbbe052ad" name:"nn" position:<x:16 y:12 > icon:"N" > > 
2024/07/21 11:01:27 frontend.go:260: laserDirection 1
2024/07/21 11:01:28 frontend.go:240: direction 0
2024/07/21 11:01:28 frontend.go:240: direction 0
2024/07/21 11:01:28 frontend.go:240: direction 0
2024/07/21 11:01:28 frontend.go:240: direction 0
2024/07/21 11:01:28 frontend.go:240: direction 0
2024/07/21 11:01:29 frontend.go:240: direction 0
2024/07/21 11:01:29 frontend.go:240: direction 0
2024/07/21 11:01:29 frontend.go:240: direction 0
2024/07/21 11:01:29 frontend.go:240: direction 0
2024/07/21 11:01:29 frontend.go:240: direction 0
2024/07/21 11:01:34 frontend.go:240: direction 1
2024/07/21 11:01:34 frontend.go:240: direction 1
2024/07/21 11:01:34 frontend.go:240: direction 1
2024/07/21 11:01:36 frontend.go:240: direction 2
2024/07/21 11:01:37 frontend.go:240: direction 2
2024/07/21 11:01:37 frontend.go:240: direction 2
2024/07/21 11:01:39 frontend.go:240: direction 3
2024/07/21 11:01:39 frontend.go:240: direction 3
2024/07/21 11:01:40 frontend.go:240: direction 3
2024/07/21 11:23:40 client.go:45: grpc resp token:"774063ab-1f7b-4c98-b33e-c10ec906847e" entities:<player:<id:"486c588b-4797-4949-805d-099cdd5c67f2" name:"aa" position:<x:-17 y:12 > icon:"A" > > 
2024/07/21 11:23:58 frontend.go:240: direction 0
2024/07/21 11:23:59 frontend.go:240: direction 3
2024/07/21 11:28:16 client.go:97: can not connect with server failed to exit idle mode: passthrough: received empty target in Build()
2024/07/21 11:28:24 client.go:45: grpc resp token:"b0a3e69a-d207-4a09-8d9b-d5ae2d4a0dcd" entities:<player:<id:"486c588b-4797-4949-805d-099cdd5c67f2" name:"aa" position:<x:-17 y:12 > icon:"A" > > entities:<player:<id:"61aefb17-bb1c-4dac-9040-7a0e35ce32f0" name:"m" position:<y:15 > icon:"M" > > 
2024/07/21 11:28:26 frontend.go:240: direction 3
2024/07/21 11:28:26 backend.go:75: watchCollisions {3 61aefb17-bb1c-4dac-9040-7a0e35ce32f0 2024-07-21 11:28:26.046985 +0800 CST m=+7.447719926}
2024/07/21 11:30:54 frontend.go:240: direction 0
2024/07/21 11:30:54 backend.go:75: watchCollisions {0 61aefb17-bb1c-4dac-9040-7a0e35ce32f0 2024-07-21 11:30:54.382568 +0800 CST m=+155.839556798}
2024/07/21 11:30:54 frontend.go:240: direction 2
2024/07/21 11:30:54 backend.go:75: watchCollisions {2 61aefb17-bb1c-4dac-9040-7a0e35ce32f0 2024-07-21 11:30:54.842411 +0800 CST m=+156.299416074}
2024/07/21 11:30:55 frontend.go:240: direction 3
2024/07/21 11:30:55 backend.go:75: watchCollisions {3 61aefb17-bb1c-4dac-9040-7a0e35ce32f0 2024-07-21 11:30:55.214017 +0800 CST m=+156.671035193}
2024/07/21 11:30:55 frontend.go:240: direction 1
2024/07/21 11:30:55 backend.go:75: watchCollisions {1 61aefb17-bb1c-4dac-9040-7a0e35ce32f0 2024-07-21 11:30:55.679071 +0800 CST m=+157.136105339}
2024/07/21 11:30:55 frontend.go:240: direction 2
2024/07/21 11:30:55 backend.go:75: watchCollisions {2 61aefb17-bb1c-4dac-9040-7a0e35ce32f0 2024-07-21 11:30:55.978533 +0800 CST m=+157.435577360}
2024/07/21 11:30:56 frontend.go:260: laserDirection 2
2024/07/21 11:30:56 frontend.go:260: laserDirection 0
2024/07/21 11:30:57 frontend.go:260: laserDirection 1
2024/07/21 11:30:57 frontend.go:260: laserDirection 3
2024/07/21 15:33:56 client.go:74: exit can not receive, error: rpc error: code = Unavailable desc = error reading from server: EOF
2024/07/21 15:34:05 client.go:45: grpc resp token:"2c4b005f-9ce3-4f55-b48f-6e8609635223" entities:<player:<id:"0cba6844-3405-4601-8336-69ffbb0ac7c9" name:"x" position:<x:-17 y:12 > icon:"X" > > 
2024/07/21 15:34:06 frontend.go:240: direction 3
2024/07/21 15:34:06 backend.go:77: watchActions {3 0cba6844-3405-4601-8336-69ffbb0ac7c9 2024-07-21 15:34:06.805638 +0800 CST m=+3.318409825}
2024/07/21 15:34:06 backend.go:32: moveaction {3 0cba6844-3405-4601-8336-69ffbb0ac7c9 2024-07-21 15:34:06.805638 +0800 CST m=+3.318409825}
2024/07/21 15:34:07 frontend.go:240: direction 1
2024/07/21 15:34:07 backend.go:77: watchActions {1 0cba6844-3405-4601-8336-69ffbb0ac7c9 2024-07-21 15:34:07.283441 +0800 CST m=+3.796228967}
2024/07/21 15:34:07 backend.go:32: moveaction {1 0cba6844-3405-4601-8336-69ffbb0ac7c9 2024-07-21 15:34:07.283441 +0800 CST m=+3.796228967}
2024/07/21 15:34:07 frontend.go:240: direction 2
2024/07/21 15:34:07 backend.go:77: watchActions {2 0cba6844-3405-4601-8336-69ffbb0ac7c9 2024-07-21 15:34:07.62216 +0800 CST m=+4.134958864}
2024/07/21 15:34:07 backend.go:32: moveaction {2 0cba6844-3405-4601-8336-69ffbb0ac7c9 2024-07-21 15:34:07.62216 +0800 CST m=+4.134958864}
2024/07/21 15:40:25 client.go:45: grpc resp token:"6752ae2a-014c-468b-90f0-ffcb2c168b31" entities:<player:<id:"0cba6844-3405-4601-8336-69ffbb0ac7c9" name:"x" position:<x:-17 y:12 > icon:"X" > > entities:<player:<id:"4f6f434e-44f0-4fa6-a81d-057290f0f6fd" name:"v" position:<y:15 > icon:"V" > > 
2024/07/21 15:40:26 frontend.go:240: direction 0
2024/07/21 15:40:26 backend.go:108: watchActions {0 4f6f434e-44f0-4fa6-a81d-057290f0f6fd 2024-07-21 15:40:26.760192 +0800 CST m=+4.161575670}
2024/07/21 15:40:26 backend.go:32: moveaction {0 4f6f434e-44f0-4fa6-a81d-057290f0f6fd 2024-07-21 15:40:26.760192 +0800 CST m=+4.161575670}
2024/07/21 15:40:27 frontend.go:240: direction 2
2024/07/21 15:40:27 backend.go:108: watchActions {2 4f6f434e-44f0-4fa6-a81d-057290f0f6fd 2024-07-21 15:40:27.360135 +0800 CST m=+4.761538934}
2024/07/21 15:40:27 backend.go:32: moveaction {2 4f6f434e-44f0-4fa6-a81d-057290f0f6fd 2024-07-21 15:40:27.360135 +0800 CST m=+4.761538934}
2024/07/21 15:40:27 frontend.go:240: direction 3
2024/07/21 15:40:27 backend.go:108: watchActions {3 4f6f434e-44f0-4fa6-a81d-057290f0f6fd 2024-07-21 15:40:27.990853 +0800 CST m=+5.392277783}
2024/07/21 15:40:27 backend.go:32: moveaction {3 4f6f434e-44f0-4fa6-a81d-057290f0f6fd 2024-07-21 15:40:27.990853 +0800 CST m=+5.392277783}
2024/07/21 15:40:28 frontend.go:240: direction 3
2024/07/21 15:40:28 backend.go:108: watchActions {3 4f6f434e-44f0-4fa6-a81d-057290f0f6fd 2024-07-21 15:40:28.341346 +0800 CST m=+5.742782475}
2024/07/21 15:40:28 backend.go:32: moveaction {3 4f6f434e-44f0-4fa6-a81d-057290f0f6fd 2024-07-21 15:40:28.341346 +0800 CST m=+5.742782475}
2024/07/21 15:40:28 frontend.go:240: direction 3
2024/07/21 15:40:28 backend.go:108: watchActions {3 4f6f434e-44f0-4fa6-a81d-057290f0f6fd 2024-07-21 15:40:28.480067 +0800 CST m=+5.881508426}
2024/07/21 15:40:28 backend.go:32: moveaction {3 4f6f434e-44f0-4fa6-a81d-057290f0f6fd 2024-07-21 15:40:28.480067 +0800 CST m=+5.881508426}
2024/07/21 15:40:28 frontend.go:240: direction 3
2024/07/21 15:40:28 backend.go:108: watchActions {3 4f6f434e-44f0-4fa6-a81d-057290f0f6fd 2024-07-21 15:40:28.643072 +0800 CST m=+6.044518343}
2024/07/21 15:40:28 backend.go:32: moveaction {3 4f6f434e-44f0-4fa6-a81d-057290f0f6fd 2024-07-21 15:40:28.643072 +0800 CST m=+6.044518343}
2024/07/21 15:40:28 frontend.go:240: direction 3
2024/07/21 15:40:28 backend.go:108: watchActions {3 4f6f434e-44f0-4fa6-a81d-057290f0f6fd 2024-07-21 15:40:28.774181 +0800 CST m=+6.175631531}
2024/07/21 15:40:28 backend.go:32: moveaction {3 4f6f434e-44f0-4fa6-a81d-057290f0f6fd 2024-07-21 15:40:28.774181 +0800 CST m=+6.175631531}
2024/07/21 15:40:28 frontend.go:240: direction 3
2024/07/21 15:40:28 backend.go:108: watchActions {3 4f6f434e-44f0-4fa6-a81d-057290f0f6fd 2024-07-21 15:40:28.906276 +0800 CST m=+6.307731541}
2024/07/21 15:40:28 backend.go:32: moveaction {3 4f6f434e-44f0-4fa6-a81d-057290f0f6fd 2024-07-21 15:40:28.906276 +0800 CST m=+6.307731541}
2024/07/21 15:40:29 frontend.go:240: direction 0
2024/07/21 15:40:29 backend.go:108: watchActions {0 4f6f434e-44f0-4fa6-a81d-057290f0f6fd 2024-07-21 15:40:29.115908 +0800 CST m=+6.517369819}
2024/07/21 15:40:29 backend.go:32: moveaction {0 4f6f434e-44f0-4fa6-a81d-057290f0f6fd 2024-07-21 15:40:29.115908 +0800 CST m=+6.517369819}
2024/07/21 15:40:29 frontend.go:240: direction 0
2024/07/21 15:40:29 backend.go:108: watchActions {0 4f6f434e-44f0-4fa6-a81d-057290f0f6fd 2024-07-21 15:40:29.294154 +0800 CST m=+6.695622554}
2024/07/21 15:40:29 backend.go:32: moveaction {0 4f6f434e-44f0-4fa6-a81d-057290f0f6fd 2024-07-21 15:40:29.294154 +0800 CST m=+6.695622554}
2024/07/21 15:40:29 frontend.go:240: direction 0
2024/07/21 15:40:29 backend.go:108: watchActions {0 4f6f434e-44f0-4fa6-a81d-057290f0f6fd 2024-07-21 15:40:29.431631 +0800 CST m=+6.833103458}
2024/07/21 15:40:29 backend.go:32: moveaction {0 4f6f434e-44f0-4fa6-a81d-057290f0f6fd 2024-07-21 15:40:29.431631 +0800 CST m=+6.833103458}
2024/07/21 15:40:29 frontend.go:240: direction 0
2024/07/21 15:40:29 backend.go:108: watchActions {0 4f6f434e-44f0-4fa6-a81d-057290f0f6fd 2024-07-21 15:40:29.632049 +0800 CST m=+7.033528046}
2024/07/21 15:40:29 backend.go:32: moveaction {0 4f6f434e-44f0-4fa6-a81d-057290f0f6fd 2024-07-21 15:40:29.632049 +0800 CST m=+7.033528046}
2024/07/21 15:40:29 frontend.go:240: direction 2
2024/07/21 15:40:29 backend.go:108: watchActions {2 4f6f434e-44f0-4fa6-a81d-057290f0f6fd 2024-07-21 15:40:29.856615 +0800 CST m=+7.258102396}
2024/07/21 15:40:29 backend.go:32: moveaction {2 4f6f434e-44f0-4fa6-a81d-057290f0f6fd 2024-07-21 15:40:29.856615 +0800 CST m=+7.258102396}
2024/07/21 15:40:30 frontend.go:240: direction 2
2024/07/21 15:40:30 backend.go:108: watchActions {2 4f6f434e-44f0-4fa6-a81d-057290f0f6fd 2024-07-21 15:40:30.1926 +0800 CST m=+7.594098747}
2024/07/21 15:40:30 backend.go:32: moveaction {2 4f6f434e-44f0-4fa6-a81d-057290f0f6fd 2024-07-21 15:40:30.1926 +0800 CST m=+7.594098747}
2024/07/21 15:40:30 frontend.go:240: direction 2
2024/07/21 15:40:30 backend.go:108: watchActions {2 4f6f434e-44f0-4fa6-a81d-057290f0f6fd 2024-07-21 15:40:30.324805 +0800 CST m=+7.726307236}
2024/07/21 15:40:30 backend.go:32: moveaction {2 4f6f434e-44f0-4fa6-a81d-057290f0f6fd 2024-07-21 15:40:30.324805 +0800 CST m=+7.726307236}
2024/07/21 15:40:30 frontend.go:240: direction 2
2024/07/21 15:40:30 backend.go:108: watchActions {2 4f6f434e-44f0-4fa6-a81d-057290f0f6fd 2024-07-21 15:40:30.485676 +0800 CST m=+7.887183586}
2024/07/21 15:40:30 backend.go:32: moveaction {2 4f6f434e-44f0-4fa6-a81d-057290f0f6fd 2024-07-21 15:40:30.485676 +0800 CST m=+7.887183586}
2024/07/21 15:40:30 frontend.go:240: direction 2
2024/07/21 15:40:30 backend.go:108: watchActions {2 4f6f434e-44f0-4fa6-a81d-057290f0f6fd 2024-07-21 15:40:30.631804 +0800 CST m=+8.033317256}
2024/07/21 15:40:30 backend.go:32: moveaction {2 4f6f434e-44f0-4fa6-a81d-057290f0f6fd 2024-07-21 15:40:30.631804 +0800 CST m=+8.033317256}
2024/07/21 15:40:30 frontend.go:240: direction 2
2024/07/21 15:40:30 backend.go:108: watchActions {2 4f6f434e-44f0-4fa6-a81d-057290f0f6fd 2024-07-21 15:40:30.759934 +0800 CST m=+8.161451358}
2024/07/21 15:40:30 backend.go:32: moveaction {2 4f6f434e-44f0-4fa6-a81d-057290f0f6fd 2024-07-21 15:40:30.759934 +0800 CST m=+8.161451358}
2024/07/21 15:40:30 frontend.go:240: direction 2
2024/07/21 15:40:30 backend.go:108: watchActions {2 4f6f434e-44f0-4fa6-a81d-057290f0f6fd 2024-07-21 15:40:30.957029 +0800 CST m=+8.358552920}
2024/07/21 15:40:30 backend.go:32: moveaction {2 4f6f434e-44f0-4fa6-a81d-057290f0f6fd 2024-07-21 15:40:30.957029 +0800 CST m=+8.358552920}
2024/07/21 15:40:31 frontend.go:240: direction 2
2024/07/21 15:40:31 backend.go:108: watchActions {2 4f6f434e-44f0-4fa6-a81d-057290f0f6fd 2024-07-21 15:40:31.059435 +0800 CST m=+8.460962563}
2024/07/21 15:40:31 backend.go:32: moveaction {2 4f6f434e-44f0-4fa6-a81d-057290f0f6fd 2024-07-21 15:40:31.059435 +0800 CST m=+8.460962563}
2024/07/21 15:40:31 frontend.go:240: direction 0
2024/07/21 15:40:31 backend.go:108: watchActions {0 4f6f434e-44f0-4fa6-a81d-057290f0f6fd 2024-07-21 15:40:31.258927 +0800 CST m=+8.660461217}
2024/07/21 15:40:31 backend.go:32: moveaction {0 4f6f434e-44f0-4fa6-a81d-057290f0f6fd 2024-07-21 15:40:31.258927 +0800 CST m=+8.660461217}
2024/07/21 15:40:31 frontend.go:240: direction 0
2024/07/21 15:40:31 backend.go:108: watchActions {0 4f6f434e-44f0-4fa6-a81d-057290f0f6fd 2024-07-21 15:40:31.440155 +0800 CST m=+8.841695173}
2024/07/21 15:40:31 backend.go:32: moveaction {0 4f6f434e-44f0-4fa6-a81d-057290f0f6fd 2024-07-21 15:40:31.440155 +0800 CST m=+8.841695173}
2024/07/21 15:40:31 frontend.go:240: direction 0
2024/07/21 15:40:31 backend.go:108: watchActions {0 4f6f434e-44f0-4fa6-a81d-057290f0f6fd 2024-07-21 15:40:31.571551 +0800 CST m=+8.973095426}
2024/07/21 15:40:31 backend.go:32: moveaction {0 4f6f434e-44f0-4fa6-a81d-057290f0f6fd 2024-07-21 15:40:31.571551 +0800 CST m=+8.973095426}
2024/07/21 15:40:31 frontend.go:240: direction 0
2024/07/21 15:40:31 backend.go:108: watchActions {0 4f6f434e-44f0-4fa6-a81d-057290f0f6fd 2024-07-21 15:40:31.706259 +0800 CST m=+9.107808198}
2024/07/21 15:40:31 backend.go:32: moveaction {0 4f6f434e-44f0-4fa6-a81d-057290f0f6fd 2024-07-21 15:40:31.706259 +0800 CST m=+9.107808198}
2024/07/21 15:40:31 frontend.go:240: direction 0
2024/07/21 15:40:31 backend.go:108: watchActions {0 4f6f434e-44f0-4fa6-a81d-057290f0f6fd 2024-07-21 15:40:31.874841 +0800 CST m=+9.276395007}
2024/07/21 15:40:31 backend.go:32: moveaction {0 4f6f434e-44f0-4fa6-a81d-057290f0f6fd 2024-07-21 15:40:31.874841 +0800 CST m=+9.276395007}
2024/07/21 15:40:32 frontend.go:240: direction 0
2024/07/21 15:40:32 backend.go:108: watchActions {0 4f6f434e-44f0-4fa6-a81d-057290f0f6fd 2024-07-21 15:40:32.043591 +0800 CST m=+9.445150790}
2024/07/21 15:40:32 backend.go:32: moveaction {0 4f6f434e-44f0-4fa6-a81d-057290f0f6fd 2024-07-21 15:40:32.043591 +0800 CST m=+9.445150790}
2024/07/21 15:40:32 frontend.go:240: direction 0
2024/07/21 15:40:32 backend.go:108: watchActions {0 4f6f434e-44f0-4fa6-a81d-057290f0f6fd 2024-07-21 15:40:32.204614 +0800 CST m=+9.606179543}
2024/07/21 15:40:32 backend.go:32: moveaction {0 4f6f434e-44f0-4fa6-a81d-057290f0f6fd 2024-07-21 15:40:32.204614 +0800 CST m=+9.606179543}
2024/07/21 15:40:32 frontend.go:240: direction 0
2024/07/21 15:40:32 backend.go:108: watchActions {0 4f6f434e-44f0-4fa6-a81d-057290f0f6fd 2024-07-21 15:40:32.342472 +0800 CST m=+9.744042553}
2024/07/21 15:40:32 backend.go:32: moveaction {0 4f6f434e-44f0-4fa6-a81d-057290f0f6fd 2024-07-21 15:40:32.342472 +0800 CST m=+9.744042553}
2024/07/21 15:40:32 frontend.go:240: direction 0
2024/07/21 15:40:32 backend.go:108: watchActions {0 4f6f434e-44f0-4fa6-a81d-057290f0f6fd 2024-07-21 15:40:32.476861 +0800 CST m=+9.878436019}
2024/07/21 15:40:32 backend.go:32: moveaction {0 4f6f434e-44f0-4fa6-a81d-057290f0f6fd 2024-07-21 15:40:32.476861 +0800 CST m=+9.878436019}
2024/07/21 15:40:32 frontend.go:240: direction 0
2024/07/21 15:40:32 backend.go:108: watchActions {0 4f6f434e-44f0-4fa6-a81d-057290f0f6fd 2024-07-21 15:40:32.645865 +0800 CST m=+10.047445173}
2024/07/21 15:40:32 backend.go:32: moveaction {0 4f6f434e-44f0-4fa6-a81d-057290f0f6fd 2024-07-21 15:40:32.645865 +0800 CST m=+10.047445173}
2024/07/21 15:40:32 frontend.go:240: direction 2
2024/07/21 15:40:32 backend.go:108: watchActions {2 4f6f434e-44f0-4fa6-a81d-057290f0f6fd 2024-07-21 15:40:32.807619 +0800 CST m=+10.209204516}
2024/07/21 15:40:32 backend.go:32: moveaction {2 4f6f434e-44f0-4fa6-a81d-057290f0f6fd 2024-07-21 15:40:32.807619 +0800 CST m=+10.209204516}
2024/07/21 15:40:32 frontend.go:240: direction 2
2024/07/21 15:40:32 backend.go:108: watchActions {2 4f6f434e-44f0-4fa6-a81d-057290f0f6fd 2024-07-21 15:40:32.98138 +0800 CST m=+10.382971014}
2024/07/21 15:40:32 backend.go:32: moveaction {2 4f6f434e-44f0-4fa6-a81d-057290f0f6fd 2024-07-21 15:40:32.98138 +0800 CST m=+10.382971014}
2024/07/21 15:40:33 frontend.go:240: direction 2
2024/07/21 15:40:33 backend.go:108: watchActions {2 4f6f434e-44f0-4fa6-a81d-057290f0f6fd 2024-07-21 15:40:33.145192 +0800 CST m=+10.546788462}
2024/07/21 15:40:33 backend.go:32: moveaction {2 4f6f434e-44f0-4fa6-a81d-057290f0f6fd 2024-07-21 15:40:33.145192 +0800 CST m=+10.546788462}
2024/07/21 15:40:33 frontend.go:240: direction 2
2024/07/21 15:40:33 backend.go:108: watchActions {2 4f6f434e-44f0-4fa6-a81d-057290f0f6fd 2024-07-21 15:40:33.305918 +0800 CST m=+10.707519978}
2024/07/21 15:40:33 backend.go:32: moveaction {2 4f6f434e-44f0-4fa6-a81d-057290f0f6fd 2024-07-21 15:40:33.305918 +0800 CST m=+10.707519978}
2024/07/21 15:40:33 frontend.go:240: direction 2
2024/07/21 15:40:33 backend.go:108: watchActions {2 4f6f434e-44f0-4fa6-a81d-057290f0f6fd 2024-07-21 15:40:33.443561 +0800 CST m=+10.845167729}
2024/07/21 15:40:33 backend.go:32: moveaction {2 4f6f434e-44f0-4fa6-a81d-057290f0f6fd 2024-07-21 15:40:33.443561 +0800 CST m=+10.845167729}
2024/07/21 15:40:33 frontend.go:240: direction 1
2024/07/21 15:40:33 backend.go:108: watchActions {1 4f6f434e-44f0-4fa6-a81d-057290f0f6fd 2024-07-21 15:40:33.64673 +0800 CST m=+11.048344123}
2024/07/21 15:40:33 backend.go:32: moveaction {1 4f6f434e-44f0-4fa6-a81d-057290f0f6fd 2024-07-21 15:40:33.64673 +0800 CST m=+11.048344123}
2024/07/21 15:40:33 frontend.go:240: direction 1
2024/07/21 15:40:33 backend.go:108: watchActions {1 4f6f434e-44f0-4fa6-a81d-057290f0f6fd 2024-07-21 15:40:33.808305 +0800 CST m=+11.209924073}
2024/07/21 15:40:33 backend.go:32: moveaction {1 4f6f434e-44f0-4fa6-a81d-057290f0f6fd 2024-07-21 15:40:33.808305 +0800 CST m=+11.209924073}
2024/07/21 15:40:33 frontend.go:240: direction 1
2024/07/21 15:40:33 backend.go:108: watchActions {1 4f6f434e-44f0-4fa6-a81d-057290f0f6fd 2024-07-21 15:40:33.971691 +0800 CST m=+11.373315719}
2024/07/21 15:40:33 backend.go:32: moveaction {1 4f6f434e-44f0-4fa6-a81d-057290f0f6fd 2024-07-21 15:40:33.971691 +0800 CST m=+11.373315719}
2024/07/21 15:40:34 frontend.go:240: direction 3
2024/07/21 15:40:34 backend.go:108: watchActions {3 4f6f434e-44f0-4fa6-a81d-057290f0f6fd 2024-07-21 15:40:34.345091 +0800 CST m=+11.746727988}
2024/07/21 15:40:34 backend.go:32: moveaction {3 4f6f434e-44f0-4fa6-a81d-057290f0f6fd 2024-07-21 15:40:34.345091 +0800 CST m=+11.746727988}
2024/07/21 15:40:34 frontend.go:240: direction 3
2024/07/21 15:40:34 backend.go:108: watchActions {3 4f6f434e-44f0-4fa6-a81d-057290f0f6fd 2024-07-21 15:40:34.872824 +0800 CST m=+12.274478692}
2024/07/21 15:40:34 backend.go:32: moveaction {3 4f6f434e-44f0-4fa6-a81d-057290f0f6fd 2024-07-21 15:40:34.872824 +0800 CST m=+12.274478692}
2024/07/21 15:40:35 frontend.go:240: direction 3
2024/07/21 15:40:35 backend.go:108: watchActions {3 4f6f434e-44f0-4fa6-a81d-057290f0f6fd 2024-07-21 15:40:35.14308 +0800 CST m=+12.544744117}
2024/07/21 15:40:35 backend.go:32: moveaction {3 4f6f434e-44f0-4fa6-a81d-057290f0f6fd 2024-07-21 15:40:35.14308 +0800 CST m=+12.544744117}
2024/07/21 15:40:35 frontend.go:240: direction 3
2024/07/21 15:40:35 backend.go:108: watchActions {3 4f6f434e-44f0-4fa6-a81d-057290f0f6fd 2024-07-21 15:40:35.314527 +0800 CST m=+12.716196877}
2024/07/21 15:40:35 backend.go:32: moveaction {3 4f6f434e-44f0-4fa6-a81d-057290f0f6fd 2024-07-21 15:40:35.314527 +0800 CST m=+12.716196877}
2024/07/21 15:40:35 frontend.go:240: direction 1
2024/07/21 15:40:35 backend.go:108: watchActions {1 4f6f434e-44f0-4fa6-a81d-057290f0f6fd 2024-07-21 15:40:35.475007 +0800 CST m=+12.876681688}
2024/07/21 15:40:35 backend.go:32: moveaction {1 4f6f434e-44f0-4fa6-a81d-057290f0f6fd 2024-07-21 15:40:35.475007 +0800 CST m=+12.876681688}
2024/07/21 15:40:35 frontend.go:240: direction 2
2024/07/21 15:40:35 backend.go:108: watchActions {2 4f6f434e-44f0-4fa6-a81d-057290f0f6fd 2024-07-21 15:40:35.714028 +0800 CST m=+13.115710872}
2024/07/21 15:40:35 backend.go:32: moveaction {2 4f6f434e-44f0-4fa6-a81d-057290f0f6fd 2024-07-21 15:40:35.714028 +0800 CST m=+13.115710872}
2024/07/21 15:40:35 frontend.go:240: direction 2
2024/07/21 15:40:35 backend.go:108: watchActions {2 4f6f434e-44f0-4fa6-a81d-057290f0f6fd 2024-07-21 15:40:35.882083 +0800 CST m=+13.283771212}
2024/07/21 15:40:35 backend.go:32: moveaction {2 4f6f434e-44f0-4fa6-a81d-057290f0f6fd 2024-07-21 15:40:35.882083 +0800 CST m=+13.283771212}
2024/07/21 15:40:36 frontend.go:240: direction 2
2024/07/21 15:40:36 backend.go:108: watchActions {2 4f6f434e-44f0-4fa6-a81d-057290f0f6fd 2024-07-21 15:40:36.0434 +0800 CST m=+13.445094111}
2024/07/21 15:40:36 backend.go:32: moveaction {2 4f6f434e-44f0-4fa6-a81d-057290f0f6fd 2024-07-21 15:40:36.0434 +0800 CST m=+13.445094111}
2024/07/21 15:40:36 frontend.go:240: direction 2
2024/07/21 15:40:36 backend.go:108: watchActions {2 4f6f434e-44f0-4fa6-a81d-057290f0f6fd 2024-07-21 15:40:36.20884 +0800 CST m=+13.610539019}
2024/07/21 15:40:36 backend.go:32: moveaction {2 4f6f434e-44f0-4fa6-a81d-057290f0f6fd 2024-07-21 15:40:36.20884 +0800 CST m=+13.610539019}
2024/07/21 15:40:36 frontend.go:240: direction 1
2024/07/21 15:40:36 backend.go:108: watchActions {1 4f6f434e-44f0-4fa6-a81d-057290f0f6fd 2024-07-21 15:40:36.383513 +0800 CST m=+13.785217780}
2024/07/21 15:40:36 backend.go:32: moveaction {1 4f6f434e-44f0-4fa6-a81d-057290f0f6fd 2024-07-21 15:40:36.383513 +0800 CST m=+13.785217780}
2024/07/21 15:40:36 frontend.go:240: direction 1
2024/07/21 15:40:36 backend.go:108: watchActions {1 4f6f434e-44f0-4fa6-a81d-057290f0f6fd 2024-07-21 15:40:36.538885 +0800 CST m=+13.940595278}
2024/07/21 15:40:36 backend.go:32: moveaction {1 4f6f434e-44f0-4fa6-a81d-057290f0f6fd 2024-07-21 15:40:36.538885 +0800 CST m=+13.940595278}
2024/07/21 15:40:36 frontend.go:240: direction 1
2024/07/21 15:40:36 backend.go:108: watchActions {1 4f6f434e-44f0-4fa6-a81d-057290f0f6fd 2024-07-21 15:40:36.706933 +0800 CST m=+14.108648822}
2024/07/21 15:40:36 backend.go:32: moveaction {1 4f6f434e-44f0-4fa6-a81d-057290f0f6fd 2024-07-21 15:40:36.706933 +0800 CST m=+14.108648822}
2024/07/21 15:40:36 frontend.go:240: direction 1
2024/07/21 15:40:36 backend.go:108: watchActions {1 4f6f434e-44f0-4fa6-a81d-057290f0f6fd 2024-07-21 15:40:36.882254 +0800 CST m=+14.283976053}
2024/07/21 15:40:36 backend.go:32: moveaction {1 4f6f434e-44f0-4fa6-a81d-057290f0f6fd 2024-07-21 15:40:36.882254 +0800 CST m=+14.283976053}
2024/07/21 15:40:37 frontend.go:240: direction 1
2024/07/21 15:40:37 backend.go:108: watchActions {1 4f6f434e-44f0-4fa6-a81d-057290f0f6fd 2024-07-21 15:40:37.010374 +0800 CST m=+14.412100012}
2024/07/21 15:40:37 backend.go:32: moveaction {1 4f6f434e-44f0-4fa6-a81d-057290f0f6fd 2024-07-21 15:40:37.010374 +0800 CST m=+14.412100012}
2024/07/21 15:40:37 frontend.go:240: direction 3
2024/07/21 15:40:37 backend.go:108: watchActions {3 4f6f434e-44f0-4fa6-a81d-057290f0f6fd 2024-07-21 15:40:37.215627 +0800 CST m=+14.617359469}
2024/07/21 15:40:37 backend.go:32: moveaction {3 4f6f434e-44f0-4fa6-a81d-057290f0f6fd 2024-07-21 15:40:37.215627 +0800 CST m=+14.617359469}
2024/07/21 15:40:37 frontend.go:240: direction 3
2024/07/21 15:40:37 backend.go:108: watchActions {3 4f6f434e-44f0-4fa6-a81d-057290f0f6fd 2024-07-21 15:40:37.371222 +0800 CST m=+14.772960240}
2024/07/21 15:40:37 backend.go:32: moveaction {3 4f6f434e-44f0-4fa6-a81d-057290f0f6fd 2024-07-21 15:40:37.371222 +0800 CST m=+14.772960240}
2024/07/21 15:40:37 frontend.go:240: direction 3
2024/07/21 15:40:37 backend.go:108: watchActions {3 4f6f434e-44f0-4fa6-a81d-057290f0f6fd 2024-07-21 15:40:37.510042 +0800 CST m=+14.911784364}
2024/07/21 15:40:37 backend.go:32: moveaction {3 4f6f434e-44f0-4fa6-a81d-057290f0f6fd 2024-07-21 15:40:37.510042 +0800 CST m=+14.911784364}
2024/07/21 15:40:37 frontend.go:240: direction 3
2024/07/21 15:40:37 backend.go:108: watchActions {3 4f6f434e-44f0-4fa6-a81d-057290f0f6fd 2024-07-21 15:40:37.673694 +0800 CST m=+15.075442650}
2024/07/21 15:40:37 backend.go:32: moveaction {3 4f6f434e-44f0-4fa6-a81d-057290f0f6fd 2024-07-21 15:40:37.673694 +0800 CST m=+15.075442650}
2024/07/21 15:40:37 frontend.go:240: direction 3
2024/07/21 15:40:37 backend.go:108: watchActions {3 4f6f434e-44f0-4fa6-a81d-057290f0f6fd 2024-07-21 15:40:37.846768 +0800 CST m=+15.248522287}
2024/07/21 15:40:37 backend.go:32: moveaction {3 4f6f434e-44f0-4fa6-a81d-057290f0f6fd 2024-07-21 15:40:37.846768 +0800 CST m=+15.248522287}
2024/07/21 15:40:37 frontend.go:240: direction 3
2024/07/21 15:40:37 backend.go:108: watchActions {3 4f6f434e-44f0-4fa6-a81d-057290f0f6fd 2024-07-21 15:40:37.976058 +0800 CST m=+15.377816613}
2024/07/21 15:40:37 backend.go:32: moveaction {3 4f6f434e-44f0-4fa6-a81d-057290f0f6fd 2024-07-21 15:40:37.976058 +0800 CST m=+15.377816613}
2024/07/21 15:40:38 frontend.go:240: direction 3
2024/07/21 15:40:38 backend.go:108: watchActions {3 4f6f434e-44f0-4fa6-a81d-057290f0f6fd 2024-07-21 15:40:38.114389 +0800 CST m=+15.516151894}
2024/07/21 15:40:38 backend.go:32: moveaction {3 4f6f434e-44f0-4fa6-a81d-057290f0f6fd 2024-07-21 15:40:38.114389 +0800 CST m=+15.516151894}
2024/07/21 15:40:38 frontend.go:240: direction 3
2024/07/21 15:40:38 backend.go:108: watchActions {3 4f6f434e-44f0-4fa6-a81d-057290f0f6fd 2024-07-21 15:40:38.271201 +0800 CST m=+15.672969244}
2024/07/21 15:40:38 backend.go:32: moveaction {3 4f6f434e-44f0-4fa6-a81d-057290f0f6fd 2024-07-21 15:40:38.271201 +0800 CST m=+15.672969244}
2024/07/21 15:40:38 frontend.go:240: direction 3
2024/07/21 15:40:38 backend.go:108: watchActions {3 4f6f434e-44f0-4fa6-a81d-057290f0f6fd 2024-07-21 15:40:38.417355 +0800 CST m=+15.819128282}
2024/07/21 15:40:38 backend.go:32: moveaction {3 4f6f434e-44f0-4fa6-a81d-057290f0f6fd 2024-07-21 15:40:38.417355 +0800 CST m=+15.819128282}
2024/07/21 15:40:38 frontend.go:240: direction 3
2024/07/21 15:40:38 backend.go:108: watchActions {3 4f6f434e-44f0-4fa6-a81d-057290f0f6fd 2024-07-21 15:40:38.577218 +0800 CST m=+15.978996519}
2024/07/21 15:40:38 backend.go:32: moveaction {3 4f6f434e-44f0-4fa6-a81d-057290f0f6fd 2024-07-21 15:40:38.577218 +0800 CST m=+15.978996519}
2024/07/21 15:40:38 frontend.go:240: direction 3
2024/07/21 15:40:38 backend.go:108: watchActions {3 4f6f434e-44f0-4fa6-a81d-057290f0f6fd 2024-07-21 15:40:38.710543 +0800 CST m=+16.112325983}
2024/07/21 15:40:38 backend.go:32: moveaction {3 4f6f434e-44f0-4fa6-a81d-057290f0f6fd 2024-07-21 15:40:38.710543 +0800 CST m=+16.112325983}
2024/07/21 15:40:38 frontend.go:240: direction 3
2024/07/21 15:40:38 backend.go:108: watchActions {3 4f6f434e-44f0-4fa6-a81d-057290f0f6fd 2024-07-21 15:40:38.877134 +0800 CST m=+16.278922824}
2024/07/21 15:40:38 backend.go:32: moveaction {3 4f6f434e-44f0-4fa6-a81d-057290f0f6fd 2024-07-21 15:40:38.877134 +0800 CST m=+16.278922824}
2024/07/21 15:40:39 frontend.go:240: direction 1
2024/07/21 15:40:39 backend.go:108: watchActions {1 4f6f434e-44f0-4fa6-a81d-057290f0f6fd 2024-07-21 15:40:39.081357 +0800 CST m=+16.483152487}
2024/07/21 15:40:39 backend.go:32: moveaction {1 4f6f434e-44f0-4fa6-a81d-057290f0f6fd 2024-07-21 15:40:39.081357 +0800 CST m=+16.483152487}
2024/07/21 15:40:39 frontend.go:240: direction 1
2024/07/21 15:40:39 backend.go:108: watchActions {1 4f6f434e-44f0-4fa6-a81d-057290f0f6fd 2024-07-21 15:40:39.243404 +0800 CST m=+16.645205072}
2024/07/21 15:40:39 backend.go:32: moveaction {1 4f6f434e-44f0-4fa6-a81d-057290f0f6fd 2024-07-21 15:40:39.243404 +0800 CST m=+16.645205072}
2024/07/21 15:40:39 frontend.go:240: direction 1
2024/07/21 15:40:39 backend.go:108: watchActions {1 4f6f434e-44f0-4fa6-a81d-057290f0f6fd 2024-07-21 15:40:39.435362 +0800 CST m=+16.837168980}
2024/07/21 15:40:39 backend.go:32: moveaction {1 4f6f434e-44f0-4fa6-a81d-057290f0f6fd 2024-07-21 15:40:39.435362 +0800 CST m=+16.837168980}
2024/07/21 15:40:39 frontend.go:240: direction 1
2024/07/21 15:40:39 backend.go:108: watchActions {1 4f6f434e-44f0-4fa6-a81d-057290f0f6fd 2024-07-21 15:40:39.57923 +0800 CST m=+16.981041702}
2024/07/21 15:40:39 backend.go:32: moveaction {1 4f6f434e-44f0-4fa6-a81d-057290f0f6fd 2024-07-21 15:40:39.57923 +0800 CST m=+16.981041702}
2024/07/21 15:40:39 frontend.go:240: direction 2
2024/07/21 15:40:39 backend.go:108: watchActions {2 4f6f434e-44f0-4fa6-a81d-057290f0f6fd 2024-07-21 15:40:39.747526 +0800 CST m=+17.149343390}
2024/07/21 15:40:39 backend.go:32: moveaction {2 4f6f434e-44f0-4fa6-a81d-057290f0f6fd 2024-07-21 15:40:39.747526 +0800 CST m=+17.149343390}
2024/07/21 15:40:39 frontend.go:240: direction 2
2024/07/21 15:40:39 backend.go:108: watchActions {2 4f6f434e-44f0-4fa6-a81d-057290f0f6fd 2024-07-21 15:40:39.896944 +0800 CST m=+17.298766955}
2024/07/21 15:40:39 backend.go:32: moveaction {2 4f6f434e-44f0-4fa6-a81d-057290f0f6fd 2024-07-21 15:40:39.896944 +0800 CST m=+17.298766955}
2024/07/21 15:40:40 frontend.go:240: direction 2
2024/07/21 15:40:40 backend.go:108: watchActions {2 4f6f434e-44f0-4fa6-a81d-057290f0f6fd 2024-07-21 15:40:40.056676 +0800 CST m=+17.458503575}
2024/07/21 15:40:40 backend.go:32: moveaction {2 4f6f434e-44f0-4fa6-a81d-057290f0f6fd 2024-07-21 15:40:40.056676 +0800 CST m=+17.458503575}
2024/07/21 15:40:40 frontend.go:240: direction 1
2024/07/21 15:40:40 backend.go:108: watchActions {1 4f6f434e-44f0-4fa6-a81d-057290f0f6fd 2024-07-21 15:40:40.430145 +0800 CST m=+17.831985601}
2024/07/21 15:40:40 backend.go:32: moveaction {1 4f6f434e-44f0-4fa6-a81d-057290f0f6fd 2024-07-21 15:40:40.430145 +0800 CST m=+17.831985601}
2024/07/21 15:40:40 frontend.go:240: direction 1
2024/07/21 15:40:40 backend.go:108: watchActions {1 4f6f434e-44f0-4fa6-a81d-057290f0f6fd 2024-07-21 15:40:40.583872 +0800 CST m=+17.985717741}
2024/07/21 15:40:40 backend.go:32: moveaction {1 4f6f434e-44f0-4fa6-a81d-057290f0f6fd 2024-07-21 15:40:40.583872 +0800 CST m=+17.985717741}
2024/07/21 15:40:40 frontend.go:240: direction 1
2024/07/21 15:40:40 backend.go:108: watchActions {1 4f6f434e-44f0-4fa6-a81d-057290f0f6fd 2024-07-21 15:40:40.744704 +0800 CST m=+18.146555110}
2024/07/21 15:40:40 backend.go:32: moveaction {1 4f6f434e-44f0-4fa6-a81d-057290f0f6fd 2024-07-21 15:40:40.744704 +0800 CST m=+18.146555110}
2024/07/21 15:40:40 frontend.go:240: direction 1
2024/07/21 15:40:40 backend.go:108: watchActions {1 4f6f434e-44f0-4fa6-a81d-057290f0f6fd 2024-07-21 15:40:40.880564 +0800 CST m=+18.282419025}
2024/07/21 15:40:40 backend.go:32: moveaction {1 4f6f434e-44f0-4fa6-a81d-057290f0f6fd 2024-07-21 15:40:40.880564 +0800 CST m=+18.282419025}
2024/07/21 15:40:41 frontend.go:240: direction 3
2024/07/21 15:40:41 backend.go:108: watchActions {3 4f6f434e-44f0-4fa6-a81d-057290f0f6fd 2024-07-21 15:40:41.108665 +0800 CST m=+18.510528060}
2024/07/21 15:40:41 backend.go:32: moveaction {3 4f6f434e-44f0-4fa6-a81d-057290f0f6fd 2024-07-21 15:40:41.108665 +0800 CST m=+18.510528060}
2024/07/21 15:40:41 frontend.go:240: direction 3
2024/07/21 15:40:41 backend.go:108: watchActions {3 4f6f434e-44f0-4fa6-a81d-057290f0f6fd 2024-07-21 15:40:41.243031 +0800 CST m=+18.644898060}
2024/07/21 15:40:41 backend.go:32: moveaction {3 4f6f434e-44f0-4fa6-a81d-057290f0f6fd 2024-07-21 15:40:41.243031 +0800 CST m=+18.644898060}
2024/07/21 15:40:41 frontend.go:240: direction 3
2024/07/21 15:40:41 backend.go:108: watchActions {3 4f6f434e-44f0-4fa6-a81d-057290f0f6fd 2024-07-21 15:40:41.438622 +0800 CST m=+18.840496290}
2024/07/21 15:40:41 backend.go:32: moveaction {3 4f6f434e-44f0-4fa6-a81d-057290f0f6fd 2024-07-21 15:40:41.438622 +0800 CST m=+18.840496290}
2024/07/21 15:40:41 frontend.go:240: direction 3
2024/07/21 15:40:41 backend.go:108: watchActions {3 4f6f434e-44f0-4fa6-a81d-057290f0f6fd 2024-07-21 15:40:41.543915 +0800 CST m=+18.945792560}
2024/07/21 15:40:41 backend.go:32: moveaction {3 4f6f434e-44f0-4fa6-a81d-057290f0f6fd 2024-07-21 15:40:41.543915 +0800 CST m=+18.945792560}
2024/07/21 15:40:41 frontend.go:240: direction 3
2024/07/21 15:40:41 backend.go:108: watchActions {3 4f6f434e-44f0-4fa6-a81d-057290f0f6fd 2024-07-21 15:40:41.740353 +0800 CST m=+19.142237226}
2024/07/21 15:40:41 backend.go:32: moveaction {3 4f6f434e-44f0-4fa6-a81d-057290f0f6fd 2024-07-21 15:40:41.740353 +0800 CST m=+19.142237226}
2024/07/21 15:40:41 frontend.go:240: direction 3
2024/07/21 15:40:41 backend.go:108: watchActions {3 4f6f434e-44f0-4fa6-a81d-057290f0f6fd 2024-07-21 15:40:41.905946 +0800 CST m=+19.307835286}
2024/07/21 15:40:41 backend.go:32: moveaction {3 4f6f434e-44f0-4fa6-a81d-057290f0f6fd 2024-07-21 15:40:41.905946 +0800 CST m=+19.307835286}
2024/07/21 15:40:42 frontend.go:240: direction 3
2024/07/21 15:40:42 backend.go:108: watchActions {3 4f6f434e-44f0-4fa6-a81d-057290f0f6fd 2024-07-21 15:40:42.409478 +0800 CST m=+19.811384926}
2024/07/21 15:40:42 backend.go:32: moveaction {3 4f6f434e-44f0-4fa6-a81d-057290f0f6fd 2024-07-21 15:40:42.409478 +0800 CST m=+19.811384926}
2024/07/21 15:40:42 frontend.go:240: direction 3
2024/07/21 15:40:42 backend.go:108: watchActions {3 4f6f434e-44f0-4fa6-a81d-057290f0f6fd 2024-07-21 15:40:42.473039 +0800 CST m=+19.874947455}
2024/07/21 15:40:42 backend.go:32: moveaction {3 4f6f434e-44f0-4fa6-a81d-057290f0f6fd 2024-07-21 15:40:42.473039 +0800 CST m=+19.874947455}
2024/07/21 15:40:42 frontend.go:240: direction 3
2024/07/21 15:40:42 backend.go:108: watchActions {3 4f6f434e-44f0-4fa6-a81d-057290f0f6fd 2024-07-21 15:40:42.573066 +0800 CST m=+19.974977631}
2024/07/21 15:40:42 backend.go:32: moveaction {3 4f6f434e-44f0-4fa6-a81d-057290f0f6fd 2024-07-21 15:40:42.573066 +0800 CST m=+19.974977631}
2024/07/21 15:40:42 frontend.go:240: direction 3
2024/07/21 15:40:42 backend.go:108: watchActions {3 4f6f434e-44f0-4fa6-a81d-057290f0f6fd 2024-07-21 15:40:42.640178 +0800 CST m=+20.042092700}
2024/07/21 15:40:42 backend.go:32: moveaction {3 4f6f434e-44f0-4fa6-a81d-057290f0f6fd 2024-07-21 15:40:42.640178 +0800 CST m=+20.042092700}
2024/07/21 15:40:42 frontend.go:240: direction 0
2024/07/21 15:40:42 backend.go:108: watchActions {0 4f6f434e-44f0-4fa6-a81d-057290f0f6fd 2024-07-21 15:40:42.711737 +0800 CST m=+20.113653717}
2024/07/21 15:40:42 backend.go:32: moveaction {0 4f6f434e-44f0-4fa6-a81d-057290f0f6fd 2024-07-21 15:40:42.711737 +0800 CST m=+20.113653717}
2024/07/21 15:40:42 frontend.go:240: direction 0
2024/07/21 15:40:42 backend.go:108: watchActions {0 4f6f434e-44f0-4fa6-a81d-057290f0f6fd 2024-07-21 15:40:42.863918 +0800 CST m=+20.265839256}
2024/07/21 15:40:42 backend.go:32: moveaction {0 4f6f434e-44f0-4fa6-a81d-057290f0f6fd 2024-07-21 15:40:42.863918 +0800 CST m=+20.265839256}
2024/07/21 15:40:43 frontend.go:240: direction 0
2024/07/21 15:40:43 backend.go:108: watchActions {0 4f6f434e-44f0-4fa6-a81d-057290f0f6fd 2024-07-21 15:40:43.031489 +0800 CST m=+20.433416186}
2024/07/21 15:40:43 backend.go:32: moveaction {0 4f6f434e-44f0-4fa6-a81d-057290f0f6fd 2024-07-21 15:40:43.031489 +0800 CST m=+20.433416186}
2024/07/21 15:40:43 frontend.go:240: direction 0
2024/07/21 15:40:43 backend.go:108: watchActions {0 4f6f434e-44f0-4fa6-a81d-057290f0f6fd 2024-07-21 15:40:43.19157 +0800 CST m=+20.593502252}
2024/07/21 15:40:43 backend.go:32: moveaction {0 4f6f434e-44f0-4fa6-a81d-057290f0f6fd 2024-07-21 15:40:43.19157 +0800 CST m=+20.593502252}
2024/07/21 15:40:58 client.go:45: grpc resp token:"1e5d20fd-9804-40a1-9808-441f44239736" entities:<player:<id:"0cba6844-3405-4601-8336-69ffbb0ac7c9" name:"x" position:<x:-17 y:12 > icon:"X" > > entities:<player:<id:"4f6f434e-44f0-4fa6-a81d-057290f0f6fd" name:"v" position:<y:15 > icon:"V" > > entities:<player:<id:"b238997a-641e-41c2-8ea9-76297e476f66" name:"g" position:<x:16 y:12 > icon:"G" > > 
2024/07/21 15:40:59 frontend.go:240: direction 0
2024/07/21 15:40:59 backend.go:108: watchActions {0 b238997a-641e-41c2-8ea9-76297e476f66 2024-07-21 15:40:59.701271 +0800 CST m=+4.207753209}
2024/07/21 15:40:59 backend.go:32: moveaction {0 b238997a-641e-41c2-8ea9-76297e476f66 2024-07-21 15:40:59.701271 +0800 CST m=+4.207753209}
2024/07/21 15:41:00 frontend.go:240: direction 0
2024/07/21 15:41:00 backend.go:108: watchActions {0 b238997a-641e-41c2-8ea9-76297e476f66 2024-07-21 15:41:00.233138 +0800 CST m=+4.739638446}
2024/07/21 15:41:00 backend.go:32: moveaction {0 b238997a-641e-41c2-8ea9-76297e476f66 2024-07-21 15:41:00.233138 +0800 CST m=+4.739638446}
2024/07/21 15:41:00 frontend.go:240: direction 0
2024/07/21 15:41:00 backend.go:108: watchActions {0 b238997a-641e-41c2-8ea9-76297e476f66 2024-07-21 15:41:00.363832 +0800 CST m=+4.870336493}
2024/07/21 15:41:00 backend.go:32: moveaction {0 b238997a-641e-41c2-8ea9-76297e476f66 2024-07-21 15:41:00.363832 +0800 CST m=+4.870336493}
2024/07/21 15:41:00 frontend.go:240: direction 0
2024/07/21 15:41:00 backend.go:108: watchActions {0 b238997a-641e-41c2-8ea9-76297e476f66 2024-07-21 15:41:00.533143 +0800 CST m=+5.039653368}
2024/07/21 15:41:00 backend.go:32: moveaction {0 b238997a-641e-41c2-8ea9-76297e476f66 2024-07-21 15:41:00.533143 +0800 CST m=+5.039653368}
2024/07/21 15:41:00 frontend.go:240: direction 0
2024/07/21 15:41:00 backend.go:108: watchActions {0 b238997a-641e-41c2-8ea9-76297e476f66 2024-07-21 15:41:00.696116 +0800 CST m=+5.202631269}
2024/07/21 15:41:00 backend.go:32: moveaction {0 b238997a-641e-41c2-8ea9-76297e476f66 2024-07-21 15:41:00.696116 +0800 CST m=+5.202631269}
2024/07/21 15:41:00 frontend.go:240: direction 0
2024/07/21 15:41:00 backend.go:108: watchActions {0 b238997a-641e-41c2-8ea9-76297e476f66 2024-07-21 15:41:00.863195 +0800 CST m=+5.369715991}
2024/07/21 15:41:00 backend.go:32: moveaction {0 b238997a-641e-41c2-8ea9-76297e476f66 2024-07-21 15:41:00.863195 +0800 CST m=+5.369715991}
2024/07/21 15:41:01 frontend.go:240: direction 2
2024/07/21 15:41:01 backend.go:108: watchActions {2 b238997a-641e-41c2-8ea9-76297e476f66 2024-07-21 15:41:01.125821 +0800 CST m=+5.632351414}
2024/07/21 15:41:01 backend.go:32: moveaction {2 b238997a-641e-41c2-8ea9-76297e476f66 2024-07-21 15:41:01.125821 +0800 CST m=+5.632351414}
2024/07/21 15:41:01 frontend.go:240: direction 2
2024/07/21 15:41:01 backend.go:108: watchActions {2 b238997a-641e-41c2-8ea9-76297e476f66 2024-07-21 15:41:01.318052 +0800 CST m=+5.824588920}
2024/07/21 15:41:01 backend.go:32: moveaction {2 b238997a-641e-41c2-8ea9-76297e476f66 2024-07-21 15:41:01.318052 +0800 CST m=+5.824588920}
2024/07/21 15:41:01 frontend.go:240: direction 2
2024/07/21 15:41:01 backend.go:108: watchActions {2 b238997a-641e-41c2-8ea9-76297e476f66 2024-07-21 15:41:01.436144 +0800 CST m=+5.942684235}
2024/07/21 15:41:01 backend.go:32: moveaction {2 b238997a-641e-41c2-8ea9-76297e476f66 2024-07-21 15:41:01.436144 +0800 CST m=+5.942684235}
2024/07/21 15:41:04 frontend.go:240: direction 0
2024/07/21 15:41:04 backend.go:108: watchActions {0 4f6f434e-44f0-4fa6-a81d-057290f0f6fd 2024-07-21 15:41:04.669618 +0800 CST m=+42.072268795}
2024/07/21 15:41:04 backend.go:32: moveaction {0 4f6f434e-44f0-4fa6-a81d-057290f0f6fd 2024-07-21 15:41:04.669618 +0800 CST m=+42.072268795}
2024/07/21 15:41:04 frontend.go:240: direction 0
2024/07/21 15:41:04 backend.go:108: watchActions {0 4f6f434e-44f0-4fa6-a81d-057290f0f6fd 2024-07-21 15:41:04.765629 +0800 CST m=+42.168282238}
2024/07/21 15:41:04 backend.go:32: moveaction {0 4f6f434e-44f0-4fa6-a81d-057290f0f6fd 2024-07-21 15:41:04.765629 +0800 CST m=+42.168282238}
2024/07/21 15:41:04 frontend.go:240: direction 0
2024/07/21 15:41:04 backend.go:108: watchActions {0 4f6f434e-44f0-4fa6-a81d-057290f0f6fd 2024-07-21 15:41:04.93432 +0800 CST m=+42.336979448}
2024/07/21 15:41:04 backend.go:32: moveaction {0 4f6f434e-44f0-4fa6-a81d-057290f0f6fd 2024-07-21 15:41:04.93432 +0800 CST m=+42.336979448}
2024/07/21 15:41:05 frontend.go:240: direction 0
2024/07/21 15:41:05 backend.go:108: watchActions {0 4f6f434e-44f0-4fa6-a81d-057290f0f6fd 2024-07-21 15:41:05.151435 +0800 CST m=+42.554101154}
2024/07/21 15:41:05 backend.go:32: moveaction {0 4f6f434e-44f0-4fa6-a81d-057290f0f6fd 2024-07-21 15:41:05.151435 +0800 CST m=+42.554101154}
2024/07/21 15:41:05 frontend.go:240: direction 2
2024/07/21 15:41:05 backend.go:108: watchActions {2 4f6f434e-44f0-4fa6-a81d-057290f0f6fd 2024-07-21 15:41:05.352866 +0800 CST m=+42.755538928}
2024/07/21 15:41:05 backend.go:32: moveaction {2 4f6f434e-44f0-4fa6-a81d-057290f0f6fd 2024-07-21 15:41:05.352866 +0800 CST m=+42.755538928}
2024/07/21 15:41:05 frontend.go:240: direction 2
2024/07/21 15:41:05 backend.go:108: watchActions {2 4f6f434e-44f0-4fa6-a81d-057290f0f6fd 2024-07-21 15:41:05.546264 +0800 CST m=+42.948943942}
2024/07/21 15:41:05 backend.go:32: moveaction {2 4f6f434e-44f0-4fa6-a81d-057290f0f6fd 2024-07-21 15:41:05.546264 +0800 CST m=+42.948943942}
2024/07/21 15:41:05 frontend.go:240: direction 0
2024/07/21 15:41:05 backend.go:108: watchActions {0 4f6f434e-44f0-4fa6-a81d-057290f0f6fd 2024-07-21 15:41:05.840707 +0800 CST m=+43.243396797}
2024/07/21 15:41:05 backend.go:32: moveaction {0 4f6f434e-44f0-4fa6-a81d-057290f0f6fd 2024-07-21 15:41:05.840707 +0800 CST m=+43.243396797}
2024/07/21 15:41:06 frontend.go:240: direction 0
2024/07/21 15:41:06 backend.go:108: watchActions {0 4f6f434e-44f0-4fa6-a81d-057290f0f6fd 2024-07-21 15:41:06.053186 +0800 CST m=+43.455882065}
2024/07/21 15:41:06 backend.go:32: moveaction {0 4f6f434e-44f0-4fa6-a81d-057290f0f6fd 2024-07-21 15:41:06.053186 +0800 CST m=+43.455882065}
2024/07/21 15:41:06 frontend.go:240: direction 0
2024/07/21 15:41:06 backend.go:108: watchActions {0 4f6f434e-44f0-4fa6-a81d-057290f0f6fd 2024-07-21 15:41:06.146173 +0800 CST m=+43.548873137}
2024/07/21 15:41:06 backend.go:32: moveaction {0 4f6f434e-44f0-4fa6-a81d-057290f0f6fd 2024-07-21 15:41:06.146173 +0800 CST m=+43.548873137}
2024/07/21 15:41:06 frontend.go:240: direction 3
2024/07/21 15:41:06 backend.go:108: watchActions {3 4f6f434e-44f0-4fa6-a81d-057290f0f6fd 2024-07-21 15:41:06.376483 +0800 CST m=+43.779190578}
2024/07/21 15:41:06 backend.go:32: moveaction {3 4f6f434e-44f0-4fa6-a81d-057290f0f6fd 2024-07-21 15:41:06.376483 +0800 CST m=+43.779190578}
2024/07/21 15:41:06 frontend.go:240: direction 3
2024/07/21 15:41:06 backend.go:108: watchActions {3 4f6f434e-44f0-4fa6-a81d-057290f0f6fd 2024-07-21 15:41:06.542256 +0800 CST m=+43.944969361}
2024/07/21 15:41:06 backend.go:32: moveaction {3 4f6f434e-44f0-4fa6-a81d-057290f0f6fd 2024-07-21 15:41:06.542256 +0800 CST m=+43.944969361}
2024/07/21 15:41:06 frontend.go:240: direction 3
2024/07/21 15:41:06 backend.go:108: watchActions {3 4f6f434e-44f0-4fa6-a81d-057290f0f6fd 2024-07-21 15:41:06.631789 +0800 CST m=+44.034505163}
2024/07/21 15:41:06 backend.go:32: moveaction {3 4f6f434e-44f0-4fa6-a81d-057290f0f6fd 2024-07-21 15:41:06.631789 +0800 CST m=+44.034505163}
2024/07/21 15:42:50 client.go:97: can not connect with server failed to exit idle mode: passthrough: received empty target in Build()
2024/07/21 15:43:03 client.go:45: grpc resp token:"3d089681-f443-494d-9184-36de87188590" entities:<player:<id:"ffb8077b-3930-49ac-9cb3-bf27a6896d3b" name:"q" position:<x:-17 y:12 > icon:"Q" > > 
2024/07/21 15:43:04 frontend.go:240: direction 0
2024/07/21 15:43:04 backend.go:117: watchActions {0 ffb8077b-3930-49ac-9cb3-bf27a6896d3b 2024-07-21 15:43:04.615587 +0800 CST m=+3.846055502}
2024/07/21 15:43:04 backend.go:32: moveaction {0 ffb8077b-3930-49ac-9cb3-bf27a6896d3b 2024-07-21 15:43:04.615587 +0800 CST m=+3.846055502}
2024/07/21 15:43:04 client.go:86: change{<nil> 0xc000456540 0 {-17 11}}
2024/07/21 15:43:04 frontend.go:240: direction 0
2024/07/21 15:43:04 backend.go:117: watchActions {0 ffb8077b-3930-49ac-9cb3-bf27a6896d3b 2024-07-21 15:43:04.795236 +0800 CST m=+4.025827093}
2024/07/21 15:43:04 backend.go:32: moveaction {0 ffb8077b-3930-49ac-9cb3-bf27a6896d3b 2024-07-21 15:43:04.795236 +0800 CST m=+4.025827093}
2024/07/21 15:43:04 client.go:86: change{<nil> 0xc000456540 0 {-17 10}}
2024/07/21 15:43:04 frontend.go:240: direction 0
2024/07/21 15:43:04 backend.go:117: watchActions {0 ffb8077b-3930-49ac-9cb3-bf27a6896d3b 2024-07-21 15:43:04.900039 +0800 CST m=+4.130702113}
2024/07/21 15:43:04 backend.go:32: moveaction {0 ffb8077b-3930-49ac-9cb3-bf27a6896d3b 2024-07-21 15:43:04.900039 +0800 CST m=+4.130702113}
2024/07/21 15:43:04 client.go:86: change{<nil> 0xc000456540 0 {-17 9}}
2024/07/21 15:43:12 client.go:45: grpc resp token:"ca6edf69-5979-4d22-afd5-2422f4d1e68c" entities:<player:<id:"ffb8077b-3930-49ac-9cb3-bf27a6896d3b" name:"q" position:<x:-17 y:12 > icon:"Q" > > entities:<player:<id:"9f7ff52c-11d6-4101-8099-23388e2c3eb2" name:"x" position:<y:15 > icon:"X" > > 
2024/07/21 15:43:13 frontend.go:240: direction 3
2024/07/21 15:43:13 backend.go:117: watchActions {3 9f7ff52c-11d6-4101-8099-23388e2c3eb2 2024-07-21 15:43:13.811469 +0800 CST m=+2.582874309}
2024/07/21 15:43:13 backend.go:32: moveaction {3 9f7ff52c-11d6-4101-8099-23388e2c3eb2 2024-07-21 15:43:13.811469 +0800 CST m=+2.582874309}
2024/07/21 15:43:13 client.go:86: change{<nil> 0xc00019eba0 3 {1 15}}
2024/07/21 15:43:14 frontend.go:240: direction 0
2024/07/21 15:43:14 backend.go:117: watchActions {0 9f7ff52c-11d6-4101-8099-23388e2c3eb2 2024-07-21 15:43:14.167893 +0800 CST m=+2.939435912}
2024/07/21 15:43:14 backend.go:32: moveaction {0 9f7ff52c-11d6-4101-8099-23388e2c3eb2 2024-07-21 15:43:14.167893 +0800 CST m=+2.939435912}
2024/07/21 15:43:14 client.go:86: change{<nil> 0xc00019eba0 0 {1 14}}
2024/07/21 15:43:14 frontend.go:240: direction 3
2024/07/21 15:43:14 backend.go:117: watchActions {3 9f7ff52c-11d6-4101-8099-23388e2c3eb2 2024-07-21 15:43:14.687681 +0800 CST m=+3.459421530}
2024/07/21 15:43:14 backend.go:32: moveaction {3 9f7ff52c-11d6-4101-8099-23388e2c3eb2 2024-07-21 15:43:14.687681 +0800 CST m=+3.459421530}
2024/07/21 15:43:14 client.go:86: change{<nil> 0xc00019eba0 3 {2 14}}
2024/07/21 15:43:14 frontend.go:240: direction 3
2024/07/21 15:43:14 backend.go:117: watchActions {3 9f7ff52c-11d6-4101-8099-23388e2c3eb2 2024-07-21 15:43:14.912629 +0800 CST m=+3.684455190}
2024/07/21 15:43:14 backend.go:32: moveaction {3 9f7ff52c-11d6-4101-8099-23388e2c3eb2 2024-07-21 15:43:14.912629 +0800 CST m=+3.684455190}
2024/07/21 15:43:14 client.go:86: change{<nil> 0xc00019eba0 3 {3 14}}
2024/07/21 15:43:15 frontend.go:240: direction 0
2024/07/21 15:43:15 backend.go:117: watchActions {0 9f7ff52c-11d6-4101-8099-23388e2c3eb2 2024-07-21 15:43:15.085452 +0800 CST m=+3.857341370}
2024/07/21 15:43:15 backend.go:32: moveaction {0 9f7ff52c-11d6-4101-8099-23388e2c3eb2 2024-07-21 15:43:15.085452 +0800 CST m=+3.857341370}
2024/07/21 15:43:15 client.go:86: change{<nil> 0xc00019eba0 0 {3 13}}
2024/07/21 15:43:18 frontend.go:240: direction 3
2024/07/21 15:43:18 backend.go:117: watchActions {3 9f7ff52c-11d6-4101-8099-23388e2c3eb2 2024-07-21 15:43:18.811846 +0800 CST m=+7.584965566}
2024/07/21 15:43:18 backend.go:32: moveaction {3 9f7ff52c-11d6-4101-8099-23388e2c3eb2 2024-07-21 15:43:18.811846 +0800 CST m=+7.584965566}
2024/07/21 15:43:18 client.go:86: change{<nil> 0xc00019eba0 3 {4 13}}
2024/07/21 15:43:18 frontend.go:240: direction 3
2024/07/21 15:43:18 backend.go:117: watchActions {3 9f7ff52c-11d6-4101-8099-23388e2c3eb2 2024-07-21 15:43:18.979562 +0800 CST m=+7.752731378}
2024/07/21 15:43:18 backend.go:32: moveaction {3 9f7ff52c-11d6-4101-8099-23388e2c3eb2 2024-07-21 15:43:18.979562 +0800 CST m=+7.752731378}
2024/07/21 15:43:18 client.go:86: change{<nil> 0xc00019eba0 3 {5 13}}
2024/07/21 15:43:19 frontend.go:240: direction 3
2024/07/21 15:43:19 backend.go:117: watchActions {3 9f7ff52c-11d6-4101-8099-23388e2c3eb2 2024-07-21 15:43:19.079554 +0800 CST m=+7.852752633}
2024/07/21 15:43:19 backend.go:32: moveaction {3 9f7ff52c-11d6-4101-8099-23388e2c3eb2 2024-07-21 15:43:19.079554 +0800 CST m=+7.852752633}
2024/07/21 15:43:19 client.go:86: change{<nil> 0xc00019eba0 3 {6 13}}
2024/07/21 15:43:19 frontend.go:240: direction 0
2024/07/21 15:43:19 backend.go:117: watchActions {0 9f7ff52c-11d6-4101-8099-23388e2c3eb2 2024-07-21 15:43:19.210755 +0800 CST m=+7.983990691}
2024/07/21 15:43:19 backend.go:32: moveaction {0 9f7ff52c-11d6-4101-8099-23388e2c3eb2 2024-07-21 15:43:19.210755 +0800 CST m=+7.983990691}
2024/07/21 15:43:19 client.go:86: change{<nil> 0xc00019eba0 0 {6 12}}
2024/07/21 15:43:19 frontend.go:240: direction 0
2024/07/21 15:43:19 backend.go:117: watchActions {0 9f7ff52c-11d6-4101-8099-23388e2c3eb2 2024-07-21 15:43:19.368153 +0800 CST m=+8.141434187}
2024/07/21 15:43:19 backend.go:32: moveaction {0 9f7ff52c-11d6-4101-8099-23388e2c3eb2 2024-07-21 15:43:19.368153 +0800 CST m=+8.141434187}
2024/07/21 15:43:19 client.go:86: change{<nil> 0xc00019eba0 0 {6 11}}
2024/07/21 15:43:36 frontend.go:240: direction 3
2024/07/21 15:43:36 backend.go:117: watchActions {3 9f7ff52c-11d6-4101-8099-23388e2c3eb2 2024-07-21 15:43:36.795505 +0800 CST m=+25.572096823}
2024/07/21 15:43:36 backend.go:32: moveaction {3 9f7ff52c-11d6-4101-8099-23388e2c3eb2 2024-07-21 15:43:36.795505 +0800 CST m=+25.572096823}
2024/07/21 15:43:36 client.go:86: change{<nil> 0xc00019eba0 3 {7 11}}
2024/07/21 15:43:37 frontend.go:240: direction 3
2024/07/21 15:43:37 backend.go:117: watchActions {3 9f7ff52c-11d6-4101-8099-23388e2c3eb2 2024-07-21 15:43:37.012266 +0800 CST m=+25.788884426}
2024/07/21 15:43:37 backend.go:32: moveaction {3 9f7ff52c-11d6-4101-8099-23388e2c3eb2 2024-07-21 15:43:37.012266 +0800 CST m=+25.788884426}
2024/07/21 15:43:37 client.go:86: change{<nil> 0xc00019eba0 3 {8 11}}
2024/07/21 15:43:37 frontend.go:240: direction 3
2024/07/21 15:43:37 backend.go:117: watchActions {3 9f7ff52c-11d6-4101-8099-23388e2c3eb2 2024-07-21 15:43:37.163427 +0800 CST m=+25.940063390}
2024/07/21 15:43:37 backend.go:32: moveaction {3 9f7ff52c-11d6-4101-8099-23388e2c3eb2 2024-07-21 15:43:37.163427 +0800 CST m=+25.940063390}
2024/07/21 15:43:37 client.go:86: change{<nil> 0xc00019eba0 3 {9 11}}
2024/07/21 15:43:41 frontend.go:240: direction 3
2024/07/21 15:43:41 backend.go:117: watchActions {3 9f7ff52c-11d6-4101-8099-23388e2c3eb2 2024-07-21 15:43:41.609885 +0800 CST m=+30.387010858}
2024/07/21 15:43:41 backend.go:32: moveaction {3 9f7ff52c-11d6-4101-8099-23388e2c3eb2 2024-07-21 15:43:41.609885 +0800 CST m=+30.387010858}
2024/07/21 15:43:41 client.go:86: change{<nil> 0xc00019eba0 3 {10 11}}
2024/07/21 15:49:53 client.go:74: exit can not receive, error: rpc error: code = Unavailable desc = error reading from server: EOF
2024/07/21 15:49:53 client.go:74: exit can not receive, error: rpc error: code = Unavailable desc = error reading from server: EOF
2024/07/21 15:50:08 client.go:45: grpc resp token:"bc29dcf9-f56c-4076-9faa-a68634aa4d16" entities:<player:<id:"e943fd7d-929f-4553-b8d3-32d7faf11877" name:"i" position:<x:-17 y:12 > icon:"I" > > 
2024/07/21 15:50:22 client.go:45: grpc resp token:"f7be2d37-fa01-4e43-ad75-59fb7482d12d" entities:<player:<id:"e943fd7d-929f-4553-b8d3-32d7faf11877" name:"i" position:<x:-17 y:12 > icon:"I" > > entities:<player:<id:"682aef27-7c67-47f3-91ef-885c74fdcd2c" name:"h" position:<y:15 > icon:"H" > > 
2024/07/21 15:50:24 frontend.go:240: direction 3
2024/07/21 15:50:24 backend.go:117: watchActions {3 682aef27-7c67-47f3-91ef-885c74fdcd2c 2024-07-21 15:50:24.070687 +0800 CST m=+3.897039121}
2024/07/21 15:50:24 backend.go:32: moveaction {3 682aef27-7c67-47f3-91ef-885c74fdcd2c 2024-07-21 15:50:24.070687 +0800 CST m=+3.897039121}
2024/07/21 15:50:24 client.go:86: movechange{<nil> 0xc00007a840 3 {1 15}}
2024/07/21 15:50:31 frontend.go:240: direction 0
2024/07/21 15:50:31 backend.go:117: watchActions {0 e943fd7d-929f-4553-b8d3-32d7faf11877 2024-07-21 15:50:31.222461 +0800 CST m=+28.089454483}
2024/07/21 15:50:31 backend.go:32: moveaction {0 e943fd7d-929f-4553-b8d3-32d7faf11877 2024-07-21 15:50:31.222461 +0800 CST m=+28.089454483}
2024/07/21 15:50:31 client.go:86: movechange{<nil> 0xc0002e28a0 0 {-17 11}}
2024/07/21 15:50:31 frontend.go:240: direction 0
2024/07/21 15:50:31 backend.go:117: watchActions {0 e943fd7d-929f-4553-b8d3-32d7faf11877 2024-07-21 15:50:31.452057 +0800 CST m=+28.319059861}
2024/07/21 15:50:31 backend.go:32: moveaction {0 e943fd7d-929f-4553-b8d3-32d7faf11877 2024-07-21 15:50:31.452057 +0800 CST m=+28.319059861}
2024/07/21 15:50:31 client.go:86: movechange{<nil> 0xc0002e28a0 0 {-17 10}}
2024/07/21 15:50:31 frontend.go:240: direction 0
2024/07/21 15:50:31 backend.go:117: watchActions {0 e943fd7d-929f-4553-b8d3-32d7faf11877 2024-07-21 15:50:31.631759 +0800 CST m=+28.498769385}
2024/07/21 15:50:31 backend.go:32: moveaction {0 e943fd7d-929f-4553-b8d3-32d7faf11877 2024-07-21 15:50:31.631759 +0800 CST m=+28.498769385}
2024/07/21 15:50:31 client.go:86: movechange{<nil> 0xc0002e28a0 0 {-17 9}}
2024/07/21 15:50:34 frontend.go:240: direction 0
2024/07/21 15:50:34 backend.go:117: watchActions {0 e943fd7d-929f-4553-b8d3-32d7faf11877 2024-07-21 15:50:34.383231 +0800 CST m=+31.250358238}
2024/07/21 15:50:34 backend.go:32: moveaction {0 e943fd7d-929f-4553-b8d3-32d7faf11877 2024-07-21 15:50:34.383231 +0800 CST m=+31.250358238}
2024/07/21 15:50:34 client.go:86: movechange{<nil> 0xc0002e28a0 0 {-17 8}}
2024/07/21 15:50:34 frontend.go:240: direction 0
2024/07/21 15:50:34 backend.go:117: watchActions {0 e943fd7d-929f-4553-b8d3-32d7faf11877 2024-07-21 15:50:34.706082 +0800 CST m=+31.573223016}
2024/07/21 15:50:34 backend.go:32: moveaction {0 e943fd7d-929f-4553-b8d3-32d7faf11877 2024-07-21 15:50:34.706082 +0800 CST m=+31.573223016}
2024/07/21 15:50:34 client.go:86: movechange{<nil> 0xc0002e28a0 0 {-17 7}}
2024/07/21 15:50:45 frontend.go:240: direction 1
2024/07/21 15:50:45 backend.go:117: watchActions {1 e943fd7d-929f-4553-b8d3-32d7faf11877 2024-07-21 15:50:45.748233 +0800 CST m=+42.615843146}
2024/07/21 15:50:45 backend.go:32: moveaction {1 e943fd7d-929f-4553-b8d3-32d7faf11877 2024-07-21 15:50:45.748233 +0800 CST m=+42.615843146}
2024/07/21 15:50:45 client.go:86: movechange{<nil> 0xc0002e28a0 1 {-17 8}}
2024/07/21 15:52:15 frontend.go:240: direction 3
2024/07/21 15:52:15 backend.go:117: watchActions {3 682aef27-7c67-47f3-91ef-885c74fdcd2c 2024-07-21 15:52:15.09306 +0800 CST m=+114.924131561}
2024/07/21 15:52:15 backend.go:32: moveaction {3 682aef27-7c67-47f3-91ef-885c74fdcd2c 2024-07-21 15:52:15.09306 +0800 CST m=+114.924131561}
2024/07/21 15:52:15 client.go:86: movechange{<nil> 0xc00007a840 3 {2 15}}
2024/07/21 15:52:15 frontend.go:240: direction 3
2024/07/21 15:52:15 backend.go:117: watchActions {3 682aef27-7c67-47f3-91ef-885c74fdcd2c 2024-07-21 15:52:15.496715 +0800 CST m=+115.327804105}
2024/07/21 15:52:15 backend.go:32: moveaction {3 682aef27-7c67-47f3-91ef-885c74fdcd2c 2024-07-21 15:52:15.496715 +0800 CST m=+115.327804105}
2024/07/21 15:52:15 client.go:86: movechange{<nil> 0xc00007a840 3 {3 15}}
2024/07/21 15:52:15 frontend.go:240: direction 3
2024/07/21 15:52:15 backend.go:117: watchActions {3 682aef27-7c67-47f3-91ef-885c74fdcd2c 2024-07-21 15:52:15.651336 +0800 CST m=+115.482431480}
2024/07/21 15:52:15 backend.go:32: moveaction {3 682aef27-7c67-47f3-91ef-885c74fdcd2c 2024-07-21 15:52:15.651336 +0800 CST m=+115.482431480}
2024/07/21 15:52:15 client.go:86: movechange{<nil> 0xc00007a840 3 {4 15}}
2024/07/21 15:52:15 frontend.go:240: direction 3
2024/07/21 15:52:15 backend.go:117: watchActions {3 682aef27-7c67-47f3-91ef-885c74fdcd2c 2024-07-21 15:52:15.814171 +0800 CST m=+115.645273488}
2024/07/21 15:52:15 backend.go:32: moveaction {3 682aef27-7c67-47f3-91ef-885c74fdcd2c 2024-07-21 15:52:15.814171 +0800 CST m=+115.645273488}
2024/07/21 15:52:15 client.go:86: movechange{<nil> 0xc00007a840 3 {5 15}}
2024/07/21 15:52:15 frontend.go:240: direction 3
2024/07/21 15:52:15 backend.go:117: watchActions {3 682aef27-7c67-47f3-91ef-885c74fdcd2c 2024-07-21 15:52:15.957046 +0800 CST m=+115.788154296}
2024/07/21 15:52:15 backend.go:32: moveaction {3 682aef27-7c67-47f3-91ef-885c74fdcd2c 2024-07-21 15:52:15.957046 +0800 CST m=+115.788154296}
2024/07/21 15:52:15 client.go:86: movechange{<nil> 0xc00007a840 3 {6 15}}
2024/07/21 15:52:19 frontend.go:240: direction 1
2024/07/21 15:52:19 backend.go:117: watchActions {1 e943fd7d-929f-4553-b8d3-32d7faf11877 2024-07-21 15:52:19.021458 +0800 CST m=+135.893033951}
2024/07/21 15:52:19 backend.go:32: moveaction {1 e943fd7d-929f-4553-b8d3-32d7faf11877 2024-07-21 15:52:19.021458 +0800 CST m=+135.893033951}
2024/07/21 15:52:19 client.go:86: movechange{<nil> 0xc0002e28a0 1 {-17 9}}
2024/07/21 15:52:19 frontend.go:240: direction 1
2024/07/21 15:52:19 backend.go:117: watchActions {1 e943fd7d-929f-4553-b8d3-32d7faf11877 2024-07-21 15:52:19.343297 +0800 CST m=+136.214886479}
2024/07/21 15:52:19 backend.go:32: moveaction {1 e943fd7d-929f-4553-b8d3-32d7faf11877 2024-07-21 15:52:19.343297 +0800 CST m=+136.214886479}
2024/07/21 15:52:19 client.go:86: movechange{<nil> 0xc0002e28a0 1 {-17 10}}
2024/07/21 15:52:19 frontend.go:240: direction 1
2024/07/21 15:52:19 backend.go:117: watchActions {1 e943fd7d-929f-4553-b8d3-32d7faf11877 2024-07-21 15:52:19.466805 +0800 CST m=+136.338399748}
2024/07/21 15:52:19 backend.go:32: moveaction {1 e943fd7d-929f-4553-b8d3-32d7faf11877 2024-07-21 15:52:19.466805 +0800 CST m=+136.338399748}
2024/07/21 15:52:19 client.go:86: movechange{<nil> 0xc0002e28a0 1 {-17 11}}
2024/07/21 15:52:19 frontend.go:240: direction 1
2024/07/21 15:52:19 backend.go:117: watchActions {1 e943fd7d-929f-4553-b8d3-32d7faf11877 2024-07-21 15:52:19.610064 +0800 CST m=+136.481665346}
2024/07/21 15:52:19 backend.go:32: moveaction {1 e943fd7d-929f-4553-b8d3-32d7faf11877 2024-07-21 15:52:19.610064 +0800 CST m=+136.481665346}
2024/07/21 15:52:19 client.go:86: movechange{<nil> 0xc0002e28a0 1 {-17 12}}
2024/07/21 15:52:19 frontend.go:240: direction 1
2024/07/21 15:52:19 backend.go:117: watchActions {1 e943fd7d-929f-4553-b8d3-32d7faf11877 2024-07-21 15:52:19.766401 +0800 CST m=+136.638008821}
2024/07/21 15:52:19 backend.go:32: moveaction {1 e943fd7d-929f-4553-b8d3-32d7faf11877 2024-07-21 15:52:19.766401 +0800 CST m=+136.638008821}
2024/07/21 15:52:19 client.go:86: movechange{<nil> 0xc0002e28a0 1 {-17 13}}
2024/07/21 15:52:19 frontend.go:240: direction 1
2024/07/21 15:52:19 backend.go:117: watchActions {1 e943fd7d-929f-4553-b8d3-32d7faf11877 2024-07-21 15:52:19.886346 +0800 CST m=+136.757958736}
2024/07/21 15:52:19 backend.go:32: moveaction {1 e943fd7d-929f-4553-b8d3-32d7faf11877 2024-07-21 15:52:19.886346 +0800 CST m=+136.757958736}
2024/07/21 15:52:19 client.go:86: movechange{<nil> 0xc0002e28a0 1 {-17 14}}
2024/07/21 15:54:35 frontend.go:240: direction 3
2024/07/21 15:54:35 backend.go:117: watchActions {3 e943fd7d-929f-4553-b8d3-32d7faf11877 2024-07-21 15:54:35.174692 +0800 CST m=+272.052056023}
2024/07/21 15:54:35 backend.go:32: moveaction {3 e943fd7d-929f-4553-b8d3-32d7faf11877 2024-07-21 15:54:35.174692 +0800 CST m=+272.052056023}
2024/07/21 15:54:35 client.go:86: movechange{<nil> 0xc0002e28a0 3 {-16 14}}
2024/07/21 15:54:39 frontend.go:240: direction 3
2024/07/21 15:54:39 backend.go:117: watchActions {3 e943fd7d-929f-4553-b8d3-32d7faf11877 2024-07-21 15:54:39.485347 +0800 CST m=+276.362894637}
2024/07/21 15:54:39 backend.go:32: moveaction {3 e943fd7d-929f-4553-b8d3-32d7faf11877 2024-07-21 15:54:39.485347 +0800 CST m=+276.362894637}
2024/07/21 15:54:39 client.go:86: movechange{<nil> 0xc0002e28a0 3 {-15 14}}
2024/07/21 15:58:20 client.go:74: exit can not receive, error: rpc error: code = Unavailable desc = error reading from server: EOF
2024/07/21 15:58:20 client.go:74: exit can not receive, error: rpc error: code = Unavailable desc = error reading from server: EOF
2024/07/21 15:58:30 client.go:45: grpc resp token:"48262748-6b6e-42f3-b2d4-d3bf92c8bdd7" entities:<player:<id:"e6ed8d1b-9eb6-49b5-9b69-bdb6b70dd944" name:"q" position:<x:-17 y:12 > icon:"Q" > > 
2024/07/21 15:58:37 client.go:45: grpc resp token:"49102200-9b59-416a-a51f-0fd0a5c97141" entities:<player:<id:"e6ed8d1b-9eb6-49b5-9b69-bdb6b70dd944" name:"q" position:<x:-17 y:12 > icon:"Q" > > entities:<player:<id:"820c39e6-1a2b-4053-903f-17c2b8fdaa11" name:"t" position:<y:15 > icon:"T" > > 
2024/07/21 15:58:42 frontend.go:240: direction 0
2024/07/21 15:58:42 backend.go:117: watchActions {0 e6ed8d1b-9eb6-49b5-9b69-bdb6b70dd944 2024-07-21 15:58:42.317236 +0800 CST m=+13.579858370}
2024/07/21 15:58:42 backend.go:32: moveaction {0 e6ed8d1b-9eb6-49b5-9b69-bdb6b70dd944 2024-07-21 15:58:42.317236 +0800 CST m=+13.579858370}
2024/07/21 15:58:42 client.go:86: movechange{<nil> 0xc00007c6c0 0 {-17 11}}
2024/07/21 15:58:54 frontend.go:240: direction 0
2024/07/21 15:58:54 backend.go:117: watchActions {0 e6ed8d1b-9eb6-49b5-9b69-bdb6b70dd944 2024-07-21 15:58:54.651212 +0800 CST m=+25.914358245}
2024/07/21 15:58:54 backend.go:32: moveaction {0 e6ed8d1b-9eb6-49b5-9b69-bdb6b70dd944 2024-07-21 15:58:54.651212 +0800 CST m=+25.914358245}
2024/07/21 15:58:54 client.go:86: movechange{<nil> 0xc00007c6c0 0 {-17 10}}
2024/07/21 15:58:54 frontend.go:240: direction 0
2024/07/21 15:58:54 backend.go:117: watchActions {0 e6ed8d1b-9eb6-49b5-9b69-bdb6b70dd944 2024-07-21 15:58:54.968998 +0800 CST m=+26.232158490}
2024/07/21 15:58:54 backend.go:32: moveaction {0 e6ed8d1b-9eb6-49b5-9b69-bdb6b70dd944 2024-07-21 15:58:54.968998 +0800 CST m=+26.232158490}
2024/07/21 15:58:54 client.go:86: movechange{<nil> 0xc00007c6c0 0 {-17 9}}
2024/07/21 15:58:57 frontend.go:240: direction 0
2024/07/21 15:58:57 backend.go:117: watchActions {0 e6ed8d1b-9eb6-49b5-9b69-bdb6b70dd944 2024-07-21 15:58:57.622645 +0800 CST m=+28.885917757}
2024/07/21 15:58:57 backend.go:32: moveaction {0 e6ed8d1b-9eb6-49b5-9b69-bdb6b70dd944 2024-07-21 15:58:57.622645 +0800 CST m=+28.885917757}
2024/07/21 15:58:57 client.go:86: movechange{<nil> 0xc00007c6c0 0 {-17 8}}
2024/07/21 15:58:57 frontend.go:240: direction 0
2024/07/21 15:58:57 backend.go:117: watchActions {0 e6ed8d1b-9eb6-49b5-9b69-bdb6b70dd944 2024-07-21 15:58:57.822703 +0800 CST m=+29.085983987}
2024/07/21 15:58:57 backend.go:32: moveaction {0 e6ed8d1b-9eb6-49b5-9b69-bdb6b70dd944 2024-07-21 15:58:57.822703 +0800 CST m=+29.085983987}
2024/07/21 15:58:57 client.go:86: movechange{<nil> 0xc00007c6c0 0 {-17 7}}
2024/07/21 16:00:32 frontend.go:240: direction 1
2024/07/21 16:00:32 backend.go:117: watchActions {1 e6ed8d1b-9eb6-49b5-9b69-bdb6b70dd944 2024-07-21 16:00:32.489208 +0800 CST m=+123.745114083}
2024/07/21 16:00:32 backend.go:32: moveaction {1 e6ed8d1b-9eb6-49b5-9b69-bdb6b70dd944 2024-07-21 16:00:32.489208 +0800 CST m=+123.745114083}
2024/07/21 16:00:32 client.go:86: movechange{<nil> 0xc00007c6c0 1 {-17 8}}
2024/07/21 16:00:43 frontend.go:240: direction 1
2024/07/21 16:00:43 backend.go:117: watchActions {1 820c39e6-1a2b-4053-903f-17c2b8fdaa11 2024-07-21 16:00:43.011496 +0800 CST m=+127.318521621}
2024/07/21 16:00:43 backend.go:32: moveaction {1 820c39e6-1a2b-4053-903f-17c2b8fdaa11 2024-07-21 16:00:43.011496 +0800 CST m=+127.318521621}
2024/07/21 16:00:43 client.go:86: movechange{<nil> 0xc0005006c0 1 {0 16}}
2024/07/21 16:00:43 frontend.go:240: direction 1
2024/07/21 16:00:43 backend.go:117: watchActions {1 820c39e6-1a2b-4053-903f-17c2b8fdaa11 2024-07-21 16:00:43.47583 +0800 CST m=+127.782854469}
2024/07/21 16:00:43 backend.go:32: moveaction {1 820c39e6-1a2b-4053-903f-17c2b8fdaa11 2024-07-21 16:00:43.47583 +0800 CST m=+127.782854469}
2024/07/21 16:00:43 client.go:86: movechange{<nil> 0xc0005006c0 1 {0 17}}
2024/07/21 16:00:43 frontend.go:240: direction 1
2024/07/21 16:00:43 backend.go:117: watchActions {1 820c39e6-1a2b-4053-903f-17c2b8fdaa11 2024-07-21 16:00:43.850417 +0800 CST m=+128.157440995}
2024/07/21 16:00:43 backend.go:32: moveaction {1 820c39e6-1a2b-4053-903f-17c2b8fdaa11 2024-07-21 16:00:43.850417 +0800 CST m=+128.157440995}
2024/07/21 16:00:43 client.go:86: movechange{<nil> 0xc0005006c0 1 {0 18}}
2024/07/21 16:03:09 frontend.go:240: direction 0
2024/07/21 16:03:09 backend.go:117: watchActions {0 820c39e6-1a2b-4053-903f-17c2b8fdaa11 2024-07-21 16:03:09.241364 +0800 CST m=+273.553254174}
2024/07/21 16:03:09 backend.go:32: moveaction {0 820c39e6-1a2b-4053-903f-17c2b8fdaa11 2024-07-21 16:03:09.241364 +0800 CST m=+273.553254174}
2024/07/21 16:03:09 client.go:86: movechange{<nil> 0xc0005006c0 0 {0 17}}
2024/07/21 16:03:10 frontend.go:240: direction 1
2024/07/21 16:03:10 backend.go:117: watchActions {1 820c39e6-1a2b-4053-903f-17c2b8fdaa11 2024-07-21 16:03:10.268631 +0800 CST m=+274.580559600}
2024/07/21 16:03:10 backend.go:32: moveaction {1 820c39e6-1a2b-4053-903f-17c2b8fdaa11 2024-07-21 16:03:10.268631 +0800 CST m=+274.580559600}
2024/07/21 16:03:10 client.go:86: movechange{<nil> 0xc0005006c0 1 {0 18}}
2024/07/21 16:04:08 frontend.go:240: direction 1
2024/07/21 16:04:08 backend.go:117: watchActions {1 820c39e6-1a2b-4053-903f-17c2b8fdaa11 2024-07-21 16:04:08.114984 +0800 CST m=+332.429080552}
2024/07/21 16:04:08 backend.go:32: moveaction {1 820c39e6-1a2b-4053-903f-17c2b8fdaa11 2024-07-21 16:04:08.114984 +0800 CST m=+332.429080552}
2024/07/21 16:04:08 client.go:86: movechange{<nil> 0xc0005006c0 1 {0 19}}
2024/07/21 16:04:08 frontend.go:240: direction 0
2024/07/21 16:04:08 backend.go:117: watchActions {0 820c39e6-1a2b-4053-903f-17c2b8fdaa11 2024-07-21 16:04:08.884746 +0800 CST m=+333.198871791}
2024/07/21 16:04:08 backend.go:32: moveaction {0 820c39e6-1a2b-4053-903f-17c2b8fdaa11 2024-07-21 16:04:08.884746 +0800 CST m=+333.198871791}
2024/07/21 16:04:08 client.go:86: movechange{<nil> 0xc0005006c0 0 {0 18}}
2024/07/21 16:04:09 frontend.go:240: direction 0
2024/07/21 16:04:09 backend.go:117: watchActions {0 820c39e6-1a2b-4053-903f-17c2b8fdaa11 2024-07-21 16:04:09.284153 +0800 CST m=+333.598293541}
2024/07/21 16:04:09 backend.go:32: moveaction {0 820c39e6-1a2b-4053-903f-17c2b8fdaa11 2024-07-21 16:04:09.284153 +0800 CST m=+333.598293541}
2024/07/21 16:04:09 client.go:86: movechange{<nil> 0xc0005006c0 0 {0 17}}
2024/07/21 16:05:47 frontend.go:260: laserDirection 2
2024/07/21 16:05:47 frontend.go:240: direction 0
2024/07/21 16:05:47 backend.go:117: watchActions {0 820c39e6-1a2b-4053-903f-17c2b8fdaa11 2024-07-21 16:05:47.862659 +0800 CST m=+432.180493250}
2024/07/21 16:05:47 backend.go:32: moveaction {0 820c39e6-1a2b-4053-903f-17c2b8fdaa11 2024-07-21 16:05:47.862659 +0800 CST m=+432.180493250}
2024/07/21 16:05:47 client.go:86: movechange{<nil> 0xc0005006c0 0 {0 16}}
2024/07/21 16:05:48 frontend.go:240: direction 0
2024/07/21 16:05:48 backend.go:117: watchActions {0 820c39e6-1a2b-4053-903f-17c2b8fdaa11 2024-07-21 16:05:48.335267 +0800 CST m=+432.653119599}
2024/07/21 16:05:48 backend.go:32: moveaction {0 820c39e6-1a2b-4053-903f-17c2b8fdaa11 2024-07-21 16:05:48.335267 +0800 CST m=+432.653119599}
2024/07/21 16:05:48 client.go:86: movechange{<nil> 0xc0005006c0 0 {0 15}}
2024/07/21 16:05:48 frontend.go:240: direction 1
2024/07/21 16:05:48 backend.go:117: watchActions {1 820c39e6-1a2b-4053-903f-17c2b8fdaa11 2024-07-21 16:05:48.959634 +0800 CST m=+433.277509585}
2024/07/21 16:05:48 backend.go:32: moveaction {1 820c39e6-1a2b-4053-903f-17c2b8fdaa11 2024-07-21 16:05:48.959634 +0800 CST m=+433.277509585}
2024/07/21 16:05:48 client.go:86: movechange{<nil> 0xc0005006c0 1 {0 16}}
2024/07/21 16:05:49 frontend.go:240: direction 1
2024/07/21 16:05:49 backend.go:117: watchActions {1 820c39e6-1a2b-4053-903f-17c2b8fdaa11 2024-07-21 16:05:49.170909 +0800 CST m=+433.488791997}
2024/07/21 16:05:49 backend.go:32: moveaction {1 820c39e6-1a2b-4053-903f-17c2b8fdaa11 2024-07-21 16:05:49.170909 +0800 CST m=+433.488791997}
2024/07/21 16:05:49 client.go:86: movechange{<nil> 0xc0005006c0 1 {0 17}}
2024/07/21 16:06:16 frontend.go:240: direction 0
2024/07/21 16:06:16 backend.go:117: watchActions {0 820c39e6-1a2b-4053-903f-17c2b8fdaa11 2024-07-21 16:06:16.098917 +0800 CST m=+460.417809061}
2024/07/21 16:06:16 backend.go:32: moveaction {0 820c39e6-1a2b-4053-903f-17c2b8fdaa11 2024-07-21 16:06:16.098917 +0800 CST m=+460.417809061}
2024/07/21 16:06:16 client.go:86: movechange{<nil> 0xc0005006c0 0 {0 16}}
2024/07/21 16:11:34 client.go:74: exit can not receive, error: rpc error: code = Unavailable desc = error reading from server: EOF
2024/07/21 16:11:34 client.go:74: exit can not receive, error: rpc error: code = Unavailable desc = error reading from server: EOF
2024/07/21 16:13:06 client.go:45: grpc resp token:"0d86e5af-44b4-4909-81a5-5ee22ad22daf" entities:<player:<id:"d77739c5-1155-42cc-8729-05558b3537ea" name:"a" position:<x:-17 y:12 > icon:"A" > > 
2024/07/21 16:13:07 frontend.go:240: direction 0
2024/07/21 16:13:07 backend.go:117: watchActions {0 d77739c5-1155-42cc-8729-05558b3537ea 2024-07-21 16:13:07.240013 +0800 CST m=+5.474355540}
2024/07/21 16:13:07 backend.go:32: moveaction {0 d77739c5-1155-42cc-8729-05558b3537ea 2024-07-21 16:13:07.240013 +0800 CST m=+5.474355540}
2024/07/21 16:13:07 client.go:86: movechange{<nil> 0xc0002e27e0 0 {-17 11}}
2024/07/21 16:13:07 frontend.go:240: direction 0
2024/07/21 16:13:07 backend.go:117: watchActions {0 d77739c5-1155-42cc-8729-05558b3537ea 2024-07-21 16:13:07.457695 +0800 CST m=+5.692045601}
2024/07/21 16:13:07 backend.go:32: moveaction {0 d77739c5-1155-42cc-8729-05558b3537ea 2024-07-21 16:13:07.457695 +0800 CST m=+5.692045601}
2024/07/21 16:13:07 client.go:86: movechange{<nil> 0xc0002e27e0 0 {-17 10}}
2024/07/21 16:13:17 client.go:45: grpc resp token:"9e2c4881-78a7-4c06-9a93-82718254cf05" entities:<player:<id:"d77739c5-1155-42cc-8729-05558b3537ea" name:"a" position:<x:-17 y:10 > icon:"A" > > entities:<player:<id:"cb374639-346f-4f3a-a626-850c9fec885b" name:"b" position:<y:15 > icon:"B" > > 
2024/07/21 16:13:22 frontend.go:240: direction 0
2024/07/21 16:13:22 backend.go:117: watchActions {0 d77739c5-1155-42cc-8729-05558b3537ea 2024-07-21 16:13:22.527181 +0800 CST m=+20.762095828}
2024/07/21 16:13:22 backend.go:32: moveaction {0 d77739c5-1155-42cc-8729-05558b3537ea 2024-07-21 16:13:22.527181 +0800 CST m=+20.762095828}
2024/07/21 16:13:22 client.go:86: movechange{<nil> 0xc0002e27e0 0 {-17 9}}
2024/07/21 16:13:22 frontend.go:240: direction 0
2024/07/21 16:13:22 backend.go:117: watchActions {0 d77739c5-1155-42cc-8729-05558b3537ea 2024-07-21 16:13:22.718779 +0800 CST m=+20.953701530}
2024/07/21 16:13:22 backend.go:32: moveaction {0 d77739c5-1155-42cc-8729-05558b3537ea 2024-07-21 16:13:22.718779 +0800 CST m=+20.953701530}
2024/07/21 16:13:22 client.go:86: movechange{<nil> 0xc0002e27e0 0 {-17 8}}
2024/07/21 16:13:29 frontend.go:240: direction 1
2024/07/21 16:13:29 backend.go:117: watchActions {1 cb374639-346f-4f3a-a626-850c9fec885b 2024-07-21 16:13:29.021463 +0800 CST m=+13.619531690}
2024/07/21 16:13:29 backend.go:32: moveaction {1 cb374639-346f-4f3a-a626-850c9fec885b 2024-07-21 16:13:29.021463 +0800 CST m=+13.619531690}
2024/07/21 16:13:29 client.go:86: movechange{<nil> 0xc00009e720 1 {0 16}}
2024/07/21 16:13:29 frontend.go:240: direction 1
2024/07/21 16:13:29 backend.go:117: watchActions {1 cb374639-346f-4f3a-a626-850c9fec885b 2024-07-21 16:13:29.164202 +0800 CST m=+13.762276583}
2024/07/21 16:13:29 backend.go:32: moveaction {1 cb374639-346f-4f3a-a626-850c9fec885b 2024-07-21 16:13:29.164202 +0800 CST m=+13.762276583}
2024/07/21 16:13:29 client.go:86: movechange{<nil> 0xc00009e720 1 {0 17}}
2024/07/21 16:15:05 client.go:74: exit can not receive, error: rpc error: code = Unavailable desc = error reading from server: EOF
2024/07/21 16:15:05 client.go:74: exit can not receive, error: rpc error: code = Unavailable desc = error reading from server: EOF
2024/07/21 16:15:18 client.go:45: grpc resp token:"5baef8ee-a5f5-4dc6-9b94-694744f5104a" entities:<player:<id:"aa6c4a61-85c9-4e9e-ad5a-dc806cb54402" name:"a" position:<x:-17 y:12 > icon:"A" > > 
2024/07/21 16:15:26 client.go:45: grpc resp token:"1e0910aa-c729-4341-bede-08086ecb32e4" entities:<player:<id:"aa6c4a61-85c9-4e9e-ad5a-dc806cb54402" name:"a" position:<x:-17 y:12 > icon:"A" > > entities:<player:<id:"9f90aeaf-c0d8-4d8f-a327-2db4dcca7da2" name:"b" position:<y:15 > icon:"B" > > 
2024/07/21 16:15:29 frontend.go:240: direction 0
2024/07/21 16:15:29 backend.go:117: watchActions {0 aa6c4a61-85c9-4e9e-ad5a-dc806cb54402 2024-07-21 16:15:29.772806 +0800 CST m=+13.395919296}
2024/07/21 16:15:29 backend.go:32: moveaction {0 aa6c4a61-85c9-4e9e-ad5a-dc806cb54402 2024-07-21 16:15:29.772806 +0800 CST m=+13.395919296}
2024/07/21 16:15:29 client.go:86: movechange{<nil> 0xc0001a2ba0 0 {-17 11}}
2024/07/21 16:15:29 client.go:102: stream resp updateEntity:<entity:<player:<id:"aa6c4a61-85c9-4e9e-ad5a-dc806cb54402" name:"a" position:<x:-17 y:11 > icon:"A" > > > 
2024/07/21 16:15:29 client.go:102: stream resp updateEntity:<entity:<player:<id:"aa6c4a61-85c9-4e9e-ad5a-dc806cb54402" name:"a" position:<x:-17 y:11 > icon:"A" > > > 
2024/07/21 16:15:29 frontend.go:240: direction 0
2024/07/21 16:15:29 backend.go:117: watchActions {0 aa6c4a61-85c9-4e9e-ad5a-dc806cb54402 2024-07-21 16:15:29.996205 +0800 CST m=+13.619320199}
2024/07/21 16:15:29 backend.go:32: moveaction {0 aa6c4a61-85c9-4e9e-ad5a-dc806cb54402 2024-07-21 16:15:29.996205 +0800 CST m=+13.619320199}
2024/07/21 16:15:29 client.go:86: movechange{<nil> 0xc0001a2ba0 0 {-17 10}}
2024/07/21 16:15:29 client.go:102: stream resp updateEntity:<entity:<player:<id:"aa6c4a61-85c9-4e9e-ad5a-dc806cb54402" name:"a" position:<x:-17 y:10 > icon:"A" > > > 
2024/07/21 16:15:29 client.go:102: stream resp updateEntity:<entity:<player:<id:"aa6c4a61-85c9-4e9e-ad5a-dc806cb54402" name:"a" position:<x:-17 y:10 > icon:"A" > > > 
2024/07/21 16:15:40 frontend.go:240: direction 0
2024/07/21 16:15:40 backend.go:117: watchActions {0 9f90aeaf-c0d8-4d8f-a327-2db4dcca7da2 2024-07-21 16:15:40.28737 +0800 CST m=+15.663447831}
2024/07/21 16:15:40 backend.go:32: moveaction {0 9f90aeaf-c0d8-4d8f-a327-2db4dcca7da2 2024-07-21 16:15:40.28737 +0800 CST m=+15.663447831}
2024/07/21 16:15:40 client.go:86: movechange{<nil> 0xc000300a80 0 {0 14}}
2024/07/21 16:15:40 client.go:102: stream resp updateEntity:<entity:<player:<id:"9f90aeaf-c0d8-4d8f-a327-2db4dcca7da2" name:"b" position:<y:14 > icon:"B" > > > 
2024/07/21 16:15:40 client.go:102: stream resp updateEntity:<entity:<player:<id:"9f90aeaf-c0d8-4d8f-a327-2db4dcca7da2" name:"b" position:<y:14 > icon:"B" > > > 
2024/07/21 16:15:40 frontend.go:240: direction 0
2024/07/21 16:15:40 backend.go:117: watchActions {0 9f90aeaf-c0d8-4d8f-a327-2db4dcca7da2 2024-07-21 16:15:40.471365 +0800 CST m=+15.847443911}
2024/07/21 16:15:40 backend.go:32: moveaction {0 9f90aeaf-c0d8-4d8f-a327-2db4dcca7da2 2024-07-21 16:15:40.471365 +0800 CST m=+15.847443911}
2024/07/21 16:15:40 client.go:86: movechange{<nil> 0xc000300a80 0 {0 13}}
2024/07/21 16:15:40 client.go:102: stream resp updateEntity:<entity:<player:<id:"9f90aeaf-c0d8-4d8f-a327-2db4dcca7da2" name:"b" position:<y:13 > icon:"B" > > > 
2024/07/21 16:15:40 client.go:102: stream resp updateEntity:<entity:<player:<id:"9f90aeaf-c0d8-4d8f-a327-2db4dcca7da2" name:"b" position:<y:13 > icon:"B" > > > 
2024/07/21 16:15:40 frontend.go:240: direction 0
2024/07/21 16:15:40 backend.go:117: watchActions {0 9f90aeaf-c0d8-4d8f-a327-2db4dcca7da2 2024-07-21 16:15:40.64483 +0800 CST m=+16.020910107}
2024/07/21 16:15:40 backend.go:32: moveaction {0 9f90aeaf-c0d8-4d8f-a327-2db4dcca7da2 2024-07-21 16:15:40.64483 +0800 CST m=+16.020910107}
2024/07/21 16:15:40 client.go:86: movechange{<nil> 0xc000300a80 0 {0 12}}
2024/07/21 16:15:40 client.go:102: stream resp updateEntity:<entity:<player:<id:"9f90aeaf-c0d8-4d8f-a327-2db4dcca7da2" name:"b" position:<y:12 > icon:"B" > > > 
2024/07/21 16:15:40 client.go:102: stream resp updateEntity:<entity:<player:<id:"9f90aeaf-c0d8-4d8f-a327-2db4dcca7da2" name:"b" position:<y:12 > icon:"B" > > > 
2024/07/21 16:15:53 frontend.go:240: direction 1
2024/07/21 16:15:53 backend.go:117: watchActions {1 aa6c4a61-85c9-4e9e-ad5a-dc806cb54402 2024-07-21 16:15:53.739197 +0800 CST m=+37.362481165}
2024/07/21 16:15:53 backend.go:32: moveaction {1 aa6c4a61-85c9-4e9e-ad5a-dc806cb54402 2024-07-21 16:15:53.739197 +0800 CST m=+37.362481165}
2024/07/21 16:15:53 client.go:86: movechange{<nil> 0xc0001a2ba0 1 {-17 11}}
2024/07/21 16:15:53 client.go:102: stream resp updateEntity:<entity:<player:<id:"aa6c4a61-85c9-4e9e-ad5a-dc806cb54402" name:"a" position:<x:-17 y:11 > icon:"A" > > > 
2024/07/21 16:15:53 client.go:102: stream resp updateEntity:<entity:<player:<id:"aa6c4a61-85c9-4e9e-ad5a-dc806cb54402" name:"a" position:<x:-17 y:11 > icon:"A" > > > 
2024/07/21 16:22:00 client.go:74: exit can not receive, error: rpc error: code = Unavailable desc = error reading from server: EOF
2024/07/21 16:22:00 client.go:74: exit can not receive, error: rpc error: code = Unavailable desc = error reading from server: EOF
2024/07/21 16:22:19 client.go:45: grpc resp token:"81db2213-ac36-4617-8e9a-05a8a35f9e0f" entities:<player:<id:"fa2647cb-644e-4e99-9c00-4de453be9370" name:"a" position:<x:-17 y:12 > icon:"A" > > 
2024/07/21 16:22:29 client.go:45: grpc resp token:"f7b3a80b-3ae7-44ea-93fe-b2dc862ae829" entities:<player:<id:"fa2647cb-644e-4e99-9c00-4de453be9370" name:"a" position:<x:-17 y:12 > icon:"A" > > entities:<player:<id:"4131e5b7-4aad-4baa-9dc4-a712f18d78a1" name:"b" position:<y:15 > icon:"B" > > 
2024/07/21 16:22:34 frontend.go:240: direction 1
2024/07/21 16:22:34 backend.go:117: watchActions {1 fa2647cb-644e-4e99-9c00-4de453be9370 2024-07-21 16:22:34.689893 +0800 CST m=+18.212929410}
2024/07/21 16:22:34 backend.go:32: moveaction {1 fa2647cb-644e-4e99-9c00-4de453be9370 2024-07-21 16:22:34.689893 +0800 CST m=+18.212929410}
2024/07/21 16:22:34 client.go:86: movechange{<nil> 0xc000500660 1 {-17 13}}
2024/07/21 16:22:34 client.go:102: stream client get recv updateEntity:<entity:<player:<id:"fa2647cb-644e-4e99-9c00-4de453be9370" name:"a" position:<x:-17 y:13 > icon:"A" > > > 
2024/07/21 16:22:34 client.go:102: stream client get recv updateEntity:<entity:<player:<id:"fa2647cb-644e-4e99-9c00-4de453be9370" name:"a" position:<x:-17 y:13 > icon:"A" > > > 
2024/07/21 16:22:35 frontend.go:240: direction 1
2024/07/21 16:22:35 backend.go:117: watchActions {1 fa2647cb-644e-4e99-9c00-4de453be9370 2024-07-21 16:22:35.260908 +0800 CST m=+18.783948775}
2024/07/21 16:22:35 backend.go:32: moveaction {1 fa2647cb-644e-4e99-9c00-4de453be9370 2024-07-21 16:22:35.260908 +0800 CST m=+18.783948775}
2024/07/21 16:22:35 client.go:86: movechange{<nil> 0xc000500660 1 {-17 14}}
2024/07/21 16:22:35 client.go:102: stream client get recv updateEntity:<entity:<player:<id:"fa2647cb-644e-4e99-9c00-4de453be9370" name:"a" position:<x:-17 y:14 > icon:"A" > > > 
2024/07/21 16:22:35 client.go:102: stream client get recv updateEntity:<entity:<player:<id:"fa2647cb-644e-4e99-9c00-4de453be9370" name:"a" position:<x:-17 y:14 > icon:"A" > > > 
2024/07/21 16:22:40 frontend.go:240: direction 0
2024/07/21 16:22:40 backend.go:117: watchActions {0 4131e5b7-4aad-4baa-9dc4-a712f18d78a1 2024-07-21 16:22:40.338647 +0800 CST m=+13.229155794}
2024/07/21 16:22:40 backend.go:32: moveaction {0 4131e5b7-4aad-4baa-9dc4-a712f18d78a1 2024-07-21 16:22:40.338647 +0800 CST m=+13.229155794}
2024/07/21 16:22:40 client.go:86: movechange{<nil> 0xc000456a20 0 {0 14}}
2024/07/21 16:22:40 client.go:102: stream client get recv updateEntity:<entity:<player:<id:"4131e5b7-4aad-4baa-9dc4-a712f18d78a1" name:"b" position:<y:14 > icon:"B" > > > 
2024/07/21 16:22:40 client.go:102: stream client get recv updateEntity:<entity:<player:<id:"4131e5b7-4aad-4baa-9dc4-a712f18d78a1" name:"b" position:<y:14 > icon:"B" > > > 
2024/07/21 16:22:51 frontend.go:240: direction 0
2024/07/21 16:22:51 backend.go:117: watchActions {0 fa2647cb-644e-4e99-9c00-4de453be9370 2024-07-21 16:22:51.475651 +0800 CST m=+34.998808395}
2024/07/21 16:22:51 backend.go:32: moveaction {0 fa2647cb-644e-4e99-9c00-4de453be9370 2024-07-21 16:22:51.475651 +0800 CST m=+34.998808395}
2024/07/21 16:22:51 client.go:86: movechange{<nil> 0xc000500660 0 {-17 13}}
2024/07/21 16:22:51 client.go:102: stream client get recv updateEntity:<entity:<player:<id:"fa2647cb-644e-4e99-9c00-4de453be9370" name:"a" position:<x:-17 y:13 > icon:"A" > > > 
2024/07/21 16:22:51 client.go:102: stream client get recv updateEntity:<entity:<player:<id:"fa2647cb-644e-4e99-9c00-4de453be9370" name:"a" position:<x:-17 y:13 > icon:"A" > > > 
2024/07/21 16:22:51 frontend.go:240: direction 3
2024/07/21 16:22:51 backend.go:117: watchActions {3 fa2647cb-644e-4e99-9c00-4de453be9370 2024-07-21 16:22:51.925046 +0800 CST m=+35.448206612}
2024/07/21 16:22:51 backend.go:32: moveaction {3 fa2647cb-644e-4e99-9c00-4de453be9370 2024-07-21 16:22:51.925046 +0800 CST m=+35.448206612}
2024/07/21 16:22:51 client.go:86: movechange{<nil> 0xc000500660 3 {-16 13}}
2024/07/21 16:22:51 client.go:102: stream client get recv updateEntity:<entity:<player:<id:"fa2647cb-644e-4e99-9c00-4de453be9370" name:"a" position:<x:-16 y:13 > icon:"A" > > > 
2024/07/21 16:22:51 client.go:102: stream client get recv updateEntity:<entity:<player:<id:"fa2647cb-644e-4e99-9c00-4de453be9370" name:"a" position:<x:-16 y:13 > icon:"A" > > > 
2024/07/21 16:22:52 frontend.go:240: direction 0
2024/07/21 16:22:52 backend.go:117: watchActions {0 fa2647cb-644e-4e99-9c00-4de453be9370 2024-07-21 16:22:52.472921 +0800 CST m=+35.996085827}
2024/07/21 16:22:52 backend.go:32: moveaction {0 fa2647cb-644e-4e99-9c00-4de453be9370 2024-07-21 16:22:52.472921 +0800 CST m=+35.996085827}
2024/07/21 16:22:52 client.go:86: movechange{<nil> 0xc000500660 0 {-16 12}}
2024/07/21 16:22:52 client.go:102: stream client get recv updateEntity:<entity:<player:<id:"fa2647cb-644e-4e99-9c00-4de453be9370" name:"a" position:<x:-16 y:12 > icon:"A" > > > 
2024/07/21 16:22:52 client.go:102: stream client get recv updateEntity:<entity:<player:<id:"fa2647cb-644e-4e99-9c00-4de453be9370" name:"a" position:<x:-16 y:12 > icon:"A" > > > 
2024/07/21 16:22:52 frontend.go:240: direction 0
2024/07/21 16:22:52 backend.go:117: watchActions {0 fa2647cb-644e-4e99-9c00-4de453be9370 2024-07-21 16:22:52.733337 +0800 CST m=+36.256503361}
2024/07/21 16:22:52 backend.go:32: moveaction {0 fa2647cb-644e-4e99-9c00-4de453be9370 2024-07-21 16:22:52.733337 +0800 CST m=+36.256503361}
2024/07/21 16:22:52 client.go:86: movechange{<nil> 0xc000500660 0 {-16 11}}
2024/07/21 16:22:52 client.go:102: stream client get recv updateEntity:<entity:<player:<id:"fa2647cb-644e-4e99-9c00-4de453be9370" name:"a" position:<x:-16 y:11 > icon:"A" > > > 
2024/07/21 16:22:52 client.go:102: stream client get recv updateEntity:<entity:<player:<id:"fa2647cb-644e-4e99-9c00-4de453be9370" name:"a" position:<x:-16 y:11 > icon:"A" > > > 
2024/07/21 16:22:59 frontend.go:240: direction 0
2024/07/21 16:22:59 backend.go:117: watchActions {0 fa2647cb-644e-4e99-9c00-4de453be9370 2024-07-21 16:22:59.296873 +0800 CST m=+42.820086862}
2024/07/21 16:22:59 backend.go:32: moveaction {0 fa2647cb-644e-4e99-9c00-4de453be9370 2024-07-21 16:22:59.296873 +0800 CST m=+42.820086862}
2024/07/21 16:22:59 client.go:86: movechange{<nil> 0xc000500660 0 {-16 10}}
2024/07/21 16:22:59 client.go:102: stream client get recv updateEntity:<entity:<player:<id:"fa2647cb-644e-4e99-9c00-4de453be9370" name:"a" position:<x:-16 y:10 > icon:"A" > > > 
2024/07/21 16:22:59 client.go:102: stream client get recv updateEntity:<entity:<player:<id:"fa2647cb-644e-4e99-9c00-4de453be9370" name:"a" position:<x:-16 y:10 > icon:"A" > > > 
2024/07/21 16:22:59 frontend.go:240: direction 0
2024/07/21 16:22:59 backend.go:117: watchActions {0 fa2647cb-644e-4e99-9c00-4de453be9370 2024-07-21 16:22:59.474354 +0800 CST m=+42.997568447}
2024/07/21 16:22:59 backend.go:32: moveaction {0 fa2647cb-644e-4e99-9c00-4de453be9370 2024-07-21 16:22:59.474354 +0800 CST m=+42.997568447}
2024/07/21 16:22:59 client.go:86: movechange{<nil> 0xc000500660 0 {-16 9}}
2024/07/21 16:22:59 client.go:102: stream client get recv updateEntity:<entity:<player:<id:"fa2647cb-644e-4e99-9c00-4de453be9370" name:"a" position:<x:-16 y:9 > icon:"A" > > > 
2024/07/21 16:22:59 client.go:102: stream client get recv updateEntity:<entity:<player:<id:"fa2647cb-644e-4e99-9c00-4de453be9370" name:"a" position:<x:-16 y:9 > icon:"A" > > > 
2024/07/21 16:23:11 frontend.go:240: direction 0
2024/07/21 16:23:11 backend.go:117: watchActions {0 fa2647cb-644e-4e99-9c00-4de453be9370 2024-07-21 16:23:11.079003 +0800 CST m=+54.602301063}
2024/07/21 16:23:11 backend.go:32: moveaction {0 fa2647cb-644e-4e99-9c00-4de453be9370 2024-07-21 16:23:11.079003 +0800 CST m=+54.602301063}
2024/07/21 16:23:11 client.go:86: movechange{<nil> 0xc000500660 0 {-16 8}}
2024/07/21 16:23:11 client.go:102: stream client get recv updateEntity:<entity:<player:<id:"fa2647cb-644e-4e99-9c00-4de453be9370" name:"a" position:<x:-16 y:8 > icon:"A" > > > 
2024/07/21 16:23:11 client.go:102: stream client get recv updateEntity:<entity:<player:<id:"fa2647cb-644e-4e99-9c00-4de453be9370" name:"a" position:<x:-16 y:8 > icon:"A" > > > 
2024/07/21 16:23:11 frontend.go:240: direction 0
2024/07/21 16:23:11 backend.go:117: watchActions {0 fa2647cb-644e-4e99-9c00-4de453be9370 2024-07-21 16:23:11.508946 +0800 CST m=+55.032247146}
2024/07/21 16:23:11 backend.go:32: moveaction {0 fa2647cb-644e-4e99-9c00-4de453be9370 2024-07-21 16:23:11.508946 +0800 CST m=+55.032247146}
2024/07/21 16:23:11 client.go:86: movechange{<nil> 0xc000500660 0 {-16 7}}
2024/07/21 16:23:11 client.go:102: stream client get recv updateEntity:<entity:<player:<id:"fa2647cb-644e-4e99-9c00-4de453be9370" name:"a" position:<x:-16 y:7 > icon:"A" > > > 
2024/07/21 16:23:11 client.go:102: stream client get recv updateEntity:<entity:<player:<id:"fa2647cb-644e-4e99-9c00-4de453be9370" name:"a" position:<x:-16 y:7 > icon:"A" > > > 
2024/07/21 16:26:41 client.go:74: exit can not receive, error: rpc error: code = Unavailable desc = error reading from server: EOF
2024/07/21 16:26:41 client.go:74: exit can not receive, error: rpc error: code = Unavailable desc = error reading from server: EOF
2024/07/21 16:26:56 client.go:45: grpc resp token:"c0adca84-0f95-4ccb-a0ba-0e12ea201b0c" entities:<player:<id:"a1f72111-b324-4fdf-973b-93f39abbf552" name:"a" position:<x:-17 y:12 > icon:"A" > > 
2024/07/21 16:27:06 client.go:102: stream client get recv addEntity:<entity:<player:<id:"e58223f4-16ae-470f-8c81-5c5f248e4f22" name:"b" position:<y:15 > icon:"B" > > > 
2024/07/21 16:27:06 client.go:45: grpc resp token:"5c838940-9e03-4aec-8650-b8e9410e8ab3" entities:<player:<id:"a1f72111-b324-4fdf-973b-93f39abbf552" name:"a" position:<x:-17 y:12 > icon:"A" > > entities:<player:<id:"e58223f4-16ae-470f-8c81-5c5f248e4f22" name:"b" position:<y:15 > icon:"B" > > 
2024/07/21 16:29:16 client.go:74: exit can not receive, error: rpc error: code = Unavailable desc = error reading from server: EOF
2024/07/21 16:29:16 client.go:74: exit can not receive, error: rpc error: code = Unavailable desc = error reading from server: EOF
2024/07/21 16:29:25 client.go:45: grpc resp token:"9c63d32a-3ad9-483b-a75e-013df8cd6fcb" entities:<player:<id:"22617329-01c1-4b98-aeb5-cf3f050606e0" name:"a" position:<x:-17 y:12 > icon:"A" > > 
2024/07/21 16:29:35 client.go:102: stream client get recv addEntity:<entity:<player:<id:"a06f9fca-61f9-4ac0-8998-5e01983d86fb" name:"b" position:<y:15 > icon:"B" > > > 
2024/07/21 16:29:35 client.go:45: grpc resp token:"45af2779-2602-4c92-ba90-c0b69140c953" entities:<player:<id:"22617329-01c1-4b98-aeb5-cf3f050606e0" name:"a" position:<x:-17 y:12 > icon:"A" > > entities:<player:<id:"a06f9fca-61f9-4ac0-8998-5e01983d86fb" name:"b" position:<y:15 > icon:"B" > > 
2024/07/21 16:29:39 frontend.go:240: direction 0
2024/07/21 16:29:39 backend.go:117: watchActions {0 22617329-01c1-4b98-aeb5-cf3f050606e0 2024-07-21 16:29:39.904241 +0800 CST m=+15.618366606}
2024/07/21 16:29:39 backend.go:32: moveaction {0 22617329-01c1-4b98-aeb5-cf3f050606e0 2024-07-21 16:29:39.904241 +0800 CST m=+15.618366606}
2024/07/21 16:29:39 client.go:86: movechange{<nil> 0xc0000967e0 0 {-17 11}}
2024/07/21 16:29:39 client.go:102: stream client get recv updateEntity:<entity:<player:<id:"22617329-01c1-4b98-aeb5-cf3f050606e0" name:"a" position:<x:-17 y:11 > icon:"A" > > > 
2024/07/21 16:29:39 client.go:102: stream client get recv updateEntity:<entity:<player:<id:"22617329-01c1-4b98-aeb5-cf3f050606e0" name:"a" position:<x:-17 y:11 > icon:"A" > > > 
2024/07/21 16:29:40 frontend.go:240: direction 0
2024/07/21 16:29:40 backend.go:117: watchActions {0 22617329-01c1-4b98-aeb5-cf3f050606e0 2024-07-21 16:29:40.11826 +0800 CST m=+15.832387837}
2024/07/21 16:29:40 backend.go:32: moveaction {0 22617329-01c1-4b98-aeb5-cf3f050606e0 2024-07-21 16:29:40.11826 +0800 CST m=+15.832387837}
2024/07/21 16:29:40 client.go:86: movechange{<nil> 0xc0000967e0 0 {-17 10}}
2024/07/21 16:29:40 client.go:102: stream client get recv updateEntity:<entity:<player:<id:"22617329-01c1-4b98-aeb5-cf3f050606e0" name:"a" position:<x:-17 y:10 > icon:"A" > > > 
2024/07/21 16:29:40 client.go:102: stream client get recv updateEntity:<entity:<player:<id:"22617329-01c1-4b98-aeb5-cf3f050606e0" name:"a" position:<x:-17 y:10 > icon:"A" > > > 
2024/07/21 16:29:42 frontend.go:240: direction 1
2024/07/21 16:29:42 backend.go:117: watchActions {1 a06f9fca-61f9-4ac0-8998-5e01983d86fb 2024-07-21 16:29:42.553322 +0800 CST m=+8.011926393}
2024/07/21 16:29:42 backend.go:32: moveaction {1 a06f9fca-61f9-4ac0-8998-5e01983d86fb 2024-07-21 16:29:42.553322 +0800 CST m=+8.011926393}
2024/07/21 16:29:42 client.go:86: movechange{<nil> 0xc00007c8a0 1 {0 16}}
2024/07/21 16:29:42 client.go:102: stream client get recv updateEntity:<entity:<player:<id:"a06f9fca-61f9-4ac0-8998-5e01983d86fb" name:"b" position:<y:16 > icon:"B" > > > 
2024/07/21 16:29:42 client.go:102: stream client get recv updateEntity:<entity:<player:<id:"a06f9fca-61f9-4ac0-8998-5e01983d86fb" name:"b" position:<y:16 > icon:"B" > > > 
2024/07/21 16:29:42 frontend.go:240: direction 1
2024/07/21 16:29:42 backend.go:117: watchActions {1 a06f9fca-61f9-4ac0-8998-5e01983d86fb 2024-07-21 16:29:42.663769 +0800 CST m=+8.122374059}
2024/07/21 16:29:42 backend.go:32: moveaction {1 a06f9fca-61f9-4ac0-8998-5e01983d86fb 2024-07-21 16:29:42.663769 +0800 CST m=+8.122374059}
2024/07/21 16:29:42 client.go:86: movechange{<nil> 0xc00007c8a0 1 {0 17}}
2024/07/21 16:29:42 client.go:102: stream client get recv updateEntity:<entity:<player:<id:"a06f9fca-61f9-4ac0-8998-5e01983d86fb" name:"b" position:<y:17 > icon:"B" > > > 
2024/07/21 16:29:42 client.go:102: stream client get recv updateEntity:<entity:<player:<id:"a06f9fca-61f9-4ac0-8998-5e01983d86fb" name:"b" position:<y:17 > icon:"B" > > > 
2024/07/21 16:32:28 client.go:74: exit can not receive, error: rpc error: code = Unavailable desc = error reading from server: EOF
